#
# A fatal error has been detected by the Java Runtime Environment:
#
#  EXCEPTION_ACCESS_VIOLATION (0xc0000005) at pc=0x00007ffa2951c4f6, pid=17624, tid=7860
#
# JRE version: OpenJDK Runtime Environment Temurin-21.0.6+7 (21.0.6+7) (build 21.0.6+7-LTS)
# Java VM: OpenJDK 64-Bit Server VM Temurin-21.0.6+7 (21.0.6+7-LTS, mixed mode, sharing, tiered, compressed oops, compressed class ptrs, g1 gc, windows-amd64)
# Problematic frame:
# V  [jvm.dll+0xc4f6]
#
# No core dump will be written. Minidumps are not enabled by default on client versions of Windows
#
# If you would like to submit a bug report, please visit:
#   https://github.com/adoptium/adoptium-support/issues
#

---------------  S U M M A R Y ------------

Command Line: -XX:+ShowCodeDetailsInExceptionMessages -agentlib:jdwp=transport=dt_socket,suspend=y,address=localhost:52926 -javaagent:C:\Program Files\eclipse-jee-2025-03-R-win32-x86_64\eclipse\configuration\org.eclipse.osgi\440\0\.cp\lib\javaagent-shaded.jar -Dfile.encoding=UTF-8 -Dstdout.encoding=UTF-8 -Dstderr.encoding=UTF-8 com.banka.odev.OdevApplication

Host: 11th Gen Intel(R) Core(TM) i7-11800H @ 2.30GHz, 16 cores, 15G,  Windows 11 , 64 bit Build 26100 (10.0.26100.4202)
Time: Tue Jul  8 17:34:23 2025 Türkiye Standart Saati elapsed time: 948.411154 seconds (0d 0h 15m 48s)

---------------  T H R E A D  ---------------

Current thread (0x00000295f2fc1230):  WorkerThread "GC Thread#6"    [id=7860, stack(0x000000ecefb00000,0x000000ecefc00000) (1024K)]

Stack: [0x000000ecefb00000,0x000000ecefc00000],  sp=0x000000ecefbfe338,  free space=1016k
Native frames: (J=compiled Java code, j=interpreted, Vv=VM code, C=native code)
V  [jvm.dll+0xc4f6]

JavaThread 0x00000295fdec2670 (nid = 7220) was being processed
Java frames: (J=compiled Java code, j=interpreted, Vv=VM code)
j  java.lang.invoke.DirectMethodHandle$Holder.newInvokeSpecial(Ljava/lang/Object;Ljava/lang/Object;Ljava/lang/Object;)Ljava/lang/Object;+19 java.base@21.0.6
J 14987 c1 java.lang.invoke.LambdaForm$MH+0x0000029581435c00.invoke(Ljava/lang/Object;Ljava/lang/Object;Ljava/lang/Object;)Ljava/lang/Object; java.base@21.0.6 (56 bytes) @ 0x00000295d67d0d24 [0x00000295d67d0520+0x0000000000000804]
J 13583 c2 org.springframework.beans.BeanUtils.instantiateClass(Ljava/lang/reflect/Constructor;[Ljava/lang/Object;)Ljava/lang/Object; (208 bytes) @ 0x00000295deaa2688 [0x00000295deaa1920+0x0000000000000d68]
J 13144 c1 org.springframework.beans.factory.support.SimpleInstantiationStrategy.instantiate(Lorg/springframework/beans/factory/support/RootBeanDefinition;Ljava/lang/String;Lorg/springframework/beans/factory/BeanFactory;Ljava/lang/reflect/Constructor;[Ljava/lang/Object;)Ljava/lang/Object; (27 bytes) @ 0x00000295d72fd9fc [0x00000295d72fd700+0x00000000000002fc]
J 13143 c1 org.springframework.beans.factory.support.ConstructorResolver.instantiate(Ljava/lang/String;Lorg/springframework/beans/factory/support/RootBeanDefinition;Ljava/lang/reflect/Constructor;[Ljava/lang/Object;)Ljava/lang/Object; (48 bytes) @ 0x00000295d73134bc [0x00000295d73132a0+0x000000000000021c]
J 13142 c1 org.springframework.beans.factory.support.ConstructorResolver.autowireConstructor(Ljava/lang/String;Lorg/springframework/beans/factory/support/RootBeanDefinition;[Ljava/lang/reflect/Constructor;[Ljava/lang/Object;)Lorg/springframework/beans/BeanWrapper; (921 bytes) @ 0x00000295d78e8c4c [0x00000295d78e3300+0x000000000000594c]
J 13669 c1 org.springframework.beans.factory.support.AbstractAutowireCapableBeanFactory.autowireConstructor(Ljava/lang/String;Lorg/springframework/beans/factory/support/RootBeanDefinition;[Ljava/lang/reflect/Constructor;[Ljava/lang/Object;)Lorg/springframework/beans/BeanWrapper; (17 bytes) @ 0x00000295d6d4fb54 [0x00000295d6d4f8e0+0x0000000000000274]
J 8869 c1 org.springframework.beans.factory.support.AbstractAutowireCapableBeanFactory.createBeanInstance(Ljava/lang/String;Lorg/springframework/beans/factory/support/RootBeanDefinition;[Ljava/lang/Object;)Lorg/springframework/beans/BeanWrapper; (245 bytes) @ 0x00000295d7632c5c [0x00000295d76317e0+0x000000000000147c]
J 7518 c1 org.springframework.beans.factory.support.AbstractAutowireCapableBeanFactory.doCreateBean(Ljava/lang/String;Lorg/springframework/beans/factory/support/RootBeanDefinition;[Ljava/lang/Object;)Ljava/lang/Object; (465 bytes) @ 0x00000295d7415c74 [0x00000295d7415720+0x0000000000000554]
J 7533 c1 org.springframework.beans.factory.support.AbstractAutowireCapableBeanFactory.createBean(Ljava/lang/String;Lorg/springframework/beans/factory/support/RootBeanDefinition;[Ljava/lang/Object;)Ljava/lang/Object; (214 bytes) @ 0x00000295d7422954 [0x00000295d7421620+0x0000000000001334]
J 7532 c1 org.springframework.beans.factory.support.AbstractBeanFactory.lambda$doGetBean$0(Ljava/lang/String;Lorg/springframework/beans/factory/support/RootBeanDefinition;[Ljava/lang/Object;)Ljava/lang/Object; (18 bytes) @ 0x00000295d741fe9c [0x00000295d741fd60+0x000000000000013c]
J 7531 c1 org.springframework.beans.factory.support.AbstractBeanFactory$$Lambda+0x000002958120c3c0.getObject()Ljava/lang/Object; (20 bytes) @ 0x00000295d741ec6c [0x00000295d741ebc0+0x00000000000000ac]
J 7534 c1 org.springframework.beans.factory.support.DefaultSingletonBeanRegistry.getSingleton(Ljava/lang/String;Lorg/springframework/beans/factory/ObjectFactory;)Ljava/lang/Object; (1299 bytes) @ 0x00000295d743873c [0x00000295d7434640+0x00000000000040fc]
J 9724 c2 org.springframework.beans.factory.support.AbstractBeanFactory.doGetBean(Ljava/lang/String;Ljava/lang/Class;[Ljava/lang/Object;Z)Ljava/lang/Object; (787 bytes) @ 0x00000295dea132c4 [0x00000295dea12340+0x0000000000000f84]
J 14076 c2 org.springframework.beans.factory.support.AbstractBeanFactory.getBean(Ljava/lang/String;)Ljava/lang/Object; (9 bytes) @ 0x00000295deae56f0 [0x00000295deae56a0+0x0000000000000050]
J 9847 c1 org.springframework.beans.factory.config.DependencyDescriptor.resolveCandidate(Ljava/lang/String;Ljava/lang/Class;Lorg/springframework/beans/factory/BeanFactory;)Ljava/lang/Object; (8 bytes) @ 0x00000295d7864ee4 [0x00000295d7864dc0+0x0000000000000124]
J 9619 c1 org.springframework.beans.factory.support.DefaultListableBeanFactory.doResolveDependency(Lorg/springframework/beans/factory/config/DependencyDescriptor;Ljava/lang/String;Ljava/util/Set;Lorg/springframework/beans/TypeConverter;)Ljava/lang/Object; (703 bytes) @ 0x00000295d77c13e4 [0x00000295d77b9f00+0x00000000000074e4]
J 7564 c1 org.springframework.beans.factory.support.DefaultListableBeanFactory.resolveDependency(Lorg/springframework/beans/factory/config/DependencyDescriptor;Ljava/lang/String;Ljava/util/Set;Lorg/springframework/beans/TypeConverter;)Ljava/lang/Object; (121 bytes) @ 0x00000295d744d6ac [0x00000295d744cdc0+0x00000000000008ec]
J 7598 c1 org.springframework.beans.factory.support.ConstructorResolver.resolveAutowiredArgument(Lorg/springframework/beans/factory/config/DependencyDescriptor;Ljava/lang/Class;Ljava/lang/String;Ljava/util/Set;Lorg/springframework/beans/TypeConverter;Z)Ljava/lang/Object; (117 bytes) @ 0x00000295d74684ac [0x00000295d7467d60+0x000000000000074c]
J 9834 c1 org.springframework.beans.factory.support.ConstructorResolver.createArgumentArray(Ljava/lang/String;Lorg/springframework/beans/factory/support/RootBeanDefinition;Lorg/springframework/beans/factory/config/ConstructorArgumentValues;Lorg/springframework/beans/BeanWrapper;[Ljava/lang/Class;[Ljava/lang/String;Ljava/lang/reflect/Executable;ZZ)Lorg/springframework/beans/factory/support/ConstructorResolver$ArgumentsHolder; (533 bytes) @ 0x00000295d7849dc4 [0x00000295d7848120+0x0000000000001ca4]
J 13142 c1 org.springframework.beans.factory.support.ConstructorResolver.autowireConstructor(Ljava/lang/String;Lorg/springframework/beans/factory/support/RootBeanDefinition;[Ljava/lang/reflect/Constructor;[Ljava/lang/Object;)Lorg/springframework/beans/BeanWrapper; (921 bytes) @ 0x00000295d78e563c [0x00000295d78e3300+0x000000000000233c]
J 13669 c1 org.springframework.beans.factory.support.AbstractAutowireCapableBeanFactory.autowireConstructor(Ljava/lang/String;Lorg/springframework/beans/factory/support/RootBeanDefinition;[Ljava/lang/reflect/Constructor;[Ljava/lang/Object;)Lorg/springframework/beans/BeanWrapper; (17 bytes) @ 0x00000295d6d4fb54 [0x00000295d6d4f8e0+0x0000000000000274]
J 8869 c1 org.springframework.beans.factory.support.AbstractAutowireCapableBeanFactory.createBeanInstance(Ljava/lang/String;Lorg/springframework/beans/factory/support/RootBeanDefinition;[Ljava/lang/Object;)Lorg/springframework/beans/BeanWrapper; (245 bytes) @ 0x00000295d7632c5c [0x00000295d76317e0+0x000000000000147c]
J 7518 c1 org.springframework.beans.factory.support.AbstractAutowireCapableBeanFactory.doCreateBean(Ljava/lang/String;Lorg/springframework/beans/factory/support/RootBeanDefinition;[Ljava/lang/Object;)Ljava/lang/Object; (465 bytes) @ 0x00000295d7415c74 [0x00000295d7415720+0x0000000000000554]
J 7533 c1 org.springframework.beans.factory.support.AbstractAutowireCapableBeanFactory.createBean(Ljava/lang/String;Lorg/springframework/beans/factory/support/RootBeanDefinition;[Ljava/lang/Object;)Ljava/lang/Object; (214 bytes) @ 0x00000295d7422954 [0x00000295d7421620+0x0000000000001334]
J 7532 c1 org.springframework.beans.factory.support.AbstractBeanFactory.lambda$doGetBean$0(Ljava/lang/String;Lorg/springframework/beans/factory/support/RootBeanDefinition;[Ljava/lang/Object;)Ljava/lang/Object; (18 bytes) @ 0x00000295d741fe9c [0x00000295d741fd60+0x000000000000013c]
J 7531 c1 org.springframework.beans.factory.support.AbstractBeanFactory$$Lambda+0x000002958120c3c0.getObject()Ljava/lang/Object; (20 bytes) @ 0x00000295d741ec6c [0x00000295d741ebc0+0x00000000000000ac]
J 7534 c1 org.springframework.beans.factory.support.DefaultSingletonBeanRegistry.getSingleton(Ljava/lang/String;Lorg/springframework/beans/factory/ObjectFactory;)Ljava/lang/Object; (1299 bytes) @ 0x00000295d743873c [0x00000295d7434640+0x00000000000040fc]
J 9724 c2 org.springframework.beans.factory.support.AbstractBeanFactory.doGetBean(Ljava/lang/String;Ljava/lang/Class;[Ljava/lang/Object;Z)Ljava/lang/Object; (787 bytes) @ 0x00000295dea132c4 [0x00000295dea12340+0x0000000000000f84]
J 14076 c2 org.springframework.beans.factory.support.AbstractBeanFactory.getBean(Ljava/lang/String;)Ljava/lang/Object; (9 bytes) @ 0x00000295deae56f0 [0x00000295deae56a0+0x0000000000000050]
J 9720 c1 org.springframework.beans.factory.support.DefaultListableBeanFactory.instantiateSingleton(Ljava/lang/String;)V (56 bytes) @ 0x00000295d77fac24 [0x00000295d77f9be0+0x0000000000001044]
J 7615 c1 org.springframework.beans.factory.support.DefaultListableBeanFactory.preInstantiateSingleton(Ljava/lang/String;Lorg/springframework/beans/factory/support/RootBeanDefinition;)Ljava/util/concurrent/CompletableFuture; (165 bytes) @ 0x00000295d7475084 [0x00000295d7474480+0x0000000000000c04]
j  org.springframework.beans.factory.support.DefaultListableBeanFactory.preInstantiateSingletons()V+123
j  org.springframework.context.support.AbstractApplicationContext.finishBeanFactoryInitialization(Lorg/springframework/beans/factory/config/ConfigurableListableBeanFactory;)V+284
j  org.springframework.context.support.AbstractApplicationContext.refresh()V+94
j  org.springframework.boot.web.servlet.context.ServletWebServerApplicationContext.refresh()V+1
j  org.springframework.boot.SpringApplication.refresh(Lorg/springframework/context/ConfigurableApplicationContext;)V+1
j  org.springframework.boot.SpringApplication.refreshContext(Lorg/springframework/context/ConfigurableApplicationContext;)V+19
j  org.springframework.boot.SpringApplication.run([Ljava/lang/String;)Lorg/springframework/context/ConfigurableApplicationContext;+113
j  org.springframework.boot.SpringApplication.run([Ljava/lang/Class;[Ljava/lang/String;)Lorg/springframework/context/ConfigurableApplicationContext;+9
j  org.springframework.boot.SpringApplication.run(Ljava/lang/Class;[Ljava/lang/String;)Lorg/springframework/context/ConfigurableApplicationContext;+9
j  com.banka.odev.OdevApplication.main([Ljava/lang/String;)V+3
j  java.lang.invoke.LambdaForm$DMH+0x00000295810a8000.invokeStatic(Ljava/lang/Object;Ljava/lang/Object;)V+10 java.base@21.0.6
j  java.lang.invoke.LambdaForm$MH+0x00000295810a9000.invoke(Ljava/lang/Object;Ljava/lang/Object;Ljava/lang/Object;)Ljava/lang/Object;+33 java.base@21.0.6
J 7207 c2 java.lang.reflect.Method.invoke(Ljava/lang/Object;[Ljava/lang/Object;)Ljava/lang/Object; java.base@21.0.6 (108 bytes) @ 0x00000295de3cabe4 [0x00000295de3c9e20+0x0000000000000dc4]
j  org.springframework.boot.devtools.restart.RestartLauncher.run()V+47
v  ~StubRoutines::call_stub 0x00000295ddac10e7

siginfo: EXCEPTION_ACCESS_VIOLATION (0xc0000005), reading address 0x000002960072b503


Registers:
RAX=0x0000000000000000, RBX=0x000000000000316f, RCX=0x000000eceedfc580, RDX=0x000000eceedfc580
RSP=0x000000ecefbfe338, RBP=0x000000ecefbfe510, RSI=0x000000ecefbfe6e0, RDI=0x000000eceedfc580
R8 =0x000002960072b4fb, R9 =0x000000eceedfc580, R10=0x00000295ddac0000, R11=0x000000ecefbfe588
R12=0x00000295805419a0, R13=0x000000eceedfc580, R14=0x00000295fe2c1800, R15=0x000002960072b4fb
RIP=0x00007ffa2951c4f6, EFLAGS=0x0000000000010202

XMM[0]=0x3b3b3b3b3b3b3b3b 0x3b3b3b3b3b3b3b3b
XMM[1]=0x00000000000000ff 0x0000000000000000
XMM[2]=0x0000000000000000 0x0000000000000000
XMM[3]=0x0000000000000000 0x408da336ca397495
XMM[4]=0x0000000000000000 0x0000000000000000
XMM[5]=0x00000000e07d9562 0x0000000000000000
XMM[6]=0x0000000000000000 0x0000000000000000
XMM[7]=0x0000000000000000 0x0000000000000000
XMM[8]=0x0000000000000000 0x0000000000000000
XMM[9]=0x0000000000000000 0x0000000000000000
XMM[10]=0x0000000000000000 0x0000000000000000
XMM[11]=0x0000000000000000 0x0000000000000000
XMM[12]=0x0000000000000000 0x0000000000000000
XMM[13]=0x0000000000000000 0x0000000000000000
XMM[14]=0x0000000000000000 0x0000000000000000
XMM[15]=0x0000000000000000 0x0000000000000000
  MXCSR=0x00001fa0


Register to memory mapping:

RAX=0x0 is null
RBX=0x000000000000316f is an unknown value
RCX=0x000000eceedfc580 is pointing into the stack for thread: 0x00000295fdec2670
RDX=0x000000eceedfc580 is pointing into the stack for thread: 0x00000295fdec2670
RSP=0x000000ecefbfe338 points into unknown readable memory: 0x00007ffa29867ddb | db 7d 86 29 fa 7f 00 00
RBP=0x000000ecefbfe510 points into unknown readable memory: 0x0000029500000000 | 00 00 00 00 95 02 00 00
RSI=0x000000ecefbfe6e0 points into unknown readable memory: 0x000000eceedfc568 | 68 c5 df ee ec 00 00 00
RDI=0x000000eceedfc580 is pointing into the stack for thread: 0x00000295fdec2670
R8 =0x000002960072b4fb is an unknown value
R9 =0x000000eceedfc580 is pointing into the stack for thread: 0x00000295fdec2670
R10=0x00000295ddac0000 points into unknown readable memory: 0x0000000000000006 | 06 00 00 00 00 00 00 00
R11=0x000000ecefbfe588 points into unknown readable memory: 0x00007ffa2982466d | 6d 46 82 29 fa 7f 00 00
R12=0x00000295805419a0 is pointing into metadata
R13=0x000000eceedfc580 is pointing into the stack for thread: 0x00000295fdec2670
R14=0x00000295fe2c1800 points into unknown readable memory: 0x00007ffa29f3bc18 | 18 bc f3 29 fa 7f 00 00
R15=0x000002960072b4fb is an unknown value

Top of Stack: (sp=0x000000ecefbfe338)
0x000000ecefbfe338:   00007ffa29867ddb 0000000000000000
0x000000ecefbfe348:   0000000000000000 0000000000000000
0x000000ecefbfe358:   000000000000000e 000000ecefbfe480
0x000000ecefbfe368:   00007ffa29836595 00000295fd9aa048
0x000000ecefbfe378:   00007ffa29ca7441 000000000000012f
0x000000ecefbfe388:   00007ffa29bcc1b2 00000295fd9a9fe8
0x000000ecefbfe398:   0000000000000000 00000295f2e392d0
0x000000ecefbfe3a8:   00000295f237def0 00000295805419a0
0x000000ecefbfe3b8:   000000eceedfc580 000000ecefbfe6e0
0x000000ecefbfe3c8:   000000ecefbfe510 00000295fd9a9fe8
0x000000ecefbfe3d8:   00007ffa298763a4 000000ecefbfe4a0
0x000000ecefbfe3e8:   000000ecefbfe6e0 0000029580480090
0x000000ecefbfe3f8:   0000000000000000 00000295fd9a9fe8
0x000000ecefbfe408:   00007ffa29824c1b 0000000000000003
0x000000ecefbfe418:   00000295800b5b78 00000295fd9a9fe8
0x000000ecefbfe428:   000000ecefbfe6e0 00000013d6cc6e01
0x000000ecefbfe438:   00000295800b5b78 00000295f2fc1230
0x000000ecefbfe448:   0000029500000005 00000000000003d8
0x000000ecefbfe458:   00000295f237df00 00000295f237e2d8
0x000000ecefbfe468:   000002958072b4fb 00000295000000b8
0x000000ecefbfe478:   00000295800b5b78 00007ffa29f33180
0x000000ecefbfe488:   000000ecefbfe6e0 00000295fd9a9fe8
0x000000ecefbfe498:   0000000400000003 00000295805419a0
0x000000ecefbfe4a8:   0000001300000001 0000000000000056
0x000000ecefbfe4b8:   000000010000000c 0000029580480090
0x000000ecefbfe4c8:   0000000000000000 00000295d6cc6e10
0x000000ecefbfe4d8:   00009e9b502c5780 00007ffa29d6b120
0x000000ecefbfe4e8:   000000ecefbfe570 00000000000003d8
0x000000ecefbfe4f8:   00000295f237e2d8 0000029580017358
0x000000ecefbfe508:   00000006d6cc0013 0000029500000000
0x000000ecefbfe518:   0000000000000015 00000295fd9a9fe8
0x000000ecefbfe528:   00007ffa298763fe 0000000000000000 

Instructions: (pc=0x00007ffa2951c4f6)
0x00007ffa2951c3f6:   48 8b 05 73 f6 cc 00 48 8b 48 60 48 8b 04 d1 48
0x00007ffa2951c406:   85 c0 75 08 48 8b 05 67 f6 cc 00 c3 48 8b 05 57
0x00007ffa2951c416:   f6 cc 00 c3 cc cc cc cc cc cc 8b 05 92 cb c1 00
0x00007ffa2951c426:   c3 cc cc cc cc cc cc cc cc cc 0f b6 05 e3 e1 c1
0x00007ffa2951c436:   00 48 8b d1 84 c0 74 16 44 8b 41 08 8b 0d 70 cb
0x00007ffa2951c446:   c1 00 49 d3 e0 4c 03 05 5e cb c1 00 eb 04 4c 8b
0x00007ffa2951c456:   41 08 45 8b 48 08 45 85 c9 7e 0e 41 f6 c1 01 75
0x00007ffa2951c466:   53 41 c1 f9 03 49 63 c1 c3 79 49 84 c0 41 b8 0c
0x00007ffa2951c476:   00 00 00 8b 05 a9 dc c1 00 b9 10 00 00 00 41 0f
0x00007ffa2951c486:   45 c8 ff c8 4c 63 c0 41 8b c1 48 c1 f8 10 0f b6
0x00007ffa2951c496:   c0 48 63 14 11 41 8b c9 83 e1 3f 48 d3 e2 49 8d
0x00007ffa2951c4a6:   0c 10 49 f7 d0 48 03 c1 49 c1 e8 03 48 c1 e8 03
0x00007ffa2951c4b6:   49 23 c0 c3 49 8b 00 49 8b c8 48 ff a0 00 01 00
0x00007ffa2951c4c6:   00 cc cc cc cc cc cc cc cc cc 8b 44 24 30 45 03
0x00007ffa2951c4d6:   c9 44 2b 4c 24 28 83 c0 0b 44 03 ca 45 03 c8 41
0x00007ffa2951c4e6:   03 c1 c3 cc cc cc cc cc cc cc 4c 8b c2 48 8b d1
0x00007ffa2951c4f6:   45 8b 48 08 45 85 c9 7e 0e 41 f6 c1 01 75 56 41
0x00007ffa2951c506:   c1 f9 03 49 63 c1 c3 79 4c 80 3d 04 e1 c1 00 00
0x00007ffa2951c516:   b8 0c 00 00 00 b9 10 00 00 00 0f 45 c8 8b 05 ff
0x00007ffa2951c526:   db c1 00 ff c8 4c 63 c0 41 8b c1 48 c1 f8 10 48
0x00007ffa2951c536:   63 14 11 41 8b c9 83 e1 3f 0f b6 c0 48 d3 e2 49
0x00007ffa2951c546:   8d 0c 10 49 f7 d0 48 03 c1 49 c1 e8 03 48 c1 e8
0x00007ffa2951c556:   03 49 23 c0 c3 49 8b 00 49 8b c8 48 ff a0 00 01
0x00007ffa2951c566:   00 00 cc cc cc cc cc cc cc cc 48 8b 41 08 0f b7
0x00007ffa2951c576:   48 2c 0f b7 40 2a 83 c0 48 03 c1 c3 cc cc cc cc
0x00007ffa2951c586:   cc cc cc cc cc cc cc cc cc cc 48 89 5c 24 08 57
0x00007ffa2951c596:   48 83 ec 20 0f b6 05 1f de cc 00 48 8b fa 48 8b
0x00007ffa2951c5a6:   d9 84 c0 74 4f 48 85 15 b6 d5 cc 00 74 38 48 8b
0x00007ffa2951c5b6:   ca e8 94 d4 8c 00 48 8b d0 48 85 db 74 25 48 85
0x00007ffa2951c5c6:   c0 74 20 48 8b c7 f0 48 0f b1 13 74 16 48 85 05
0x00007ffa2951c5d6:   8e d5 cc 00 74 0d 48 8b c8 f0 48 0f b1 13 48 3b
0x00007ffa2951c5e6:   c1 75 ea 48 8b fa 48 8b c7 48 8b 5c 24 30 48 83 


Stack slot to memory mapping:

stack at sp + 0 slots: 0x00007ffa29867ddb jvm.dll
stack at sp + 1 slots: 0x0 is null
stack at sp + 2 slots: 0x0 is null
stack at sp + 3 slots: 0x0 is null
stack at sp + 4 slots: 0x000000000000000e is an unknown value
stack at sp + 5 slots: 0x000000ecefbfe480 points into unknown readable memory: 0x00007ffa29f33180 | 80 31 f3 29 fa 7f 00 00
stack at sp + 6 slots: 0x00007ffa29836595 jvm.dll
stack at sp + 7 slots: 0x00000295fd9aa048 points into unknown readable memory: 0x00007ffa29f3d920 | 20 d9 f3 29 fa 7f 00 00


---------------  P R O C E S S  ---------------

Threads class SMR info:
_java_thread_list=0x00000295f2c598d0, length=24, elements={
0x00000295edc58a70, 0x00000295edc597b0, 0x00000295edc61100, 0x00000295edc645c0,
0x00000295edc672e0, 0x00000295edc6c500, 0x00000295edc71570, 0x00000295edc72000,
0x00000295f2137cc0, 0x00000295f21cc860, 0x00000295f23373a0, 0x00000295f2339a30,
0x00000295f2c492a0, 0x00000295fdebf880, 0x00000295fdebff10, 0x00000295fdec05a0,
0x00000295fdec40b0, 0x00000295fdec0c30, 0x00000295fdec1950, 0x00000295fdec2670,
0x00000295fdec1fe0, 0x00000295fdec3a20, 0x00000295fdec4740, 0x00000295fdec12c0
}

Java Threads: ( => current thread )
  0x00000295edc58a70 JavaThread "Reference Handler"          daemon [_thread_blocked, id=19888, stack(0x000000ecee400000,0x000000ecee500000) (1024K)]
  0x00000295edc597b0 JavaThread "Finalizer"                  daemon [_thread_blocked, id=24608, stack(0x000000ecee500000,0x000000ecee600000) (1024K)]
  0x00000295edc61100 JavaThread "Signal Dispatcher"          daemon [_thread_blocked, id=24368, stack(0x000000ecee600000,0x000000ecee700000) (1024K)]
  0x00000295edc645c0 JavaThread "Attach Listener"            daemon [_thread_blocked, id=23676, stack(0x000000ecee700000,0x000000ecee800000) (1024K)]
  0x00000295edc672e0 JavaThread "Service Thread"             daemon [_thread_blocked, id=23120, stack(0x000000ecee800000,0x000000ecee900000) (1024K)]
  0x00000295edc6c500 JavaThread "Monitor Deflation Thread"   daemon [_thread_blocked, id=19736, stack(0x000000ecee900000,0x000000eceea00000) (1024K)]
  0x00000295edc71570 JavaThread "C2 CompilerThread0"         daemon [_thread_blocked, id=22908, stack(0x000000eceea00000,0x000000eceeb00000) (1024K)]
  0x00000295edc72000 JavaThread "C1 CompilerThread0"         daemon [_thread_blocked, id=10704, stack(0x000000eceeb00000,0x000000eceec00000) (1024K)]
  0x00000295f2137cc0 JavaThread "Common-Cleaner"             daemon [_thread_blocked, id=18872, stack(0x000000eceec00000,0x000000eceed00000) (1024K)]
  0x00000295f21cc860 JavaThread "JDWP Transport Listener: dt_socket" daemon [_thread_blocked, id=22096, stack(0x000000ecef000000,0x000000ecef100000) (1024K)]
  0x00000295f23373a0 JavaThread "JDWP Event Helper Thread"   daemon [_thread_blocked, id=24488, stack(0x000000ecef100000,0x000000ecef200000) (1024K)]
  0x00000295f2339a30 JavaThread "JDWP Command Reader"        daemon [_thread_in_native, id=21820, stack(0x000000ecef200000,0x000000ecef300000) (1024K)]
  0x00000295f2c492a0 JavaThread "Notification Thread"        daemon [_thread_blocked, id=7100, stack(0x000000ecef500000,0x000000ecef600000) (1024K)]
  0x00000295fdebf880 JavaThread "Live Reload Server"         daemon [_thread_in_native, id=18728, stack(0x000000ecf1200000,0x000000ecf1300000) (1024K)]
  0x00000295fdebff10 JavaThread "DestroyJavaVM"                     [_thread_blocked, id=23444, stack(0x000000ecedc00000,0x000000ecedd00000) (1024K)]
  0x00000295fdec05a0 JavaThread "File Watcher"               daemon [_thread_blocked, id=19996, stack(0x000000eceda00000,0x000000ecedb00000) (1024K)]
  0x00000295fdec40b0 JavaThread "PostgreSQL-JDBC-Cleaner"    daemon [_thread_blocked, id=24800, stack(0x000000ecf0000000,0x000000ecf0100000) (1024K)]
  0x00000295fdec0c30 JavaThread "File Watcher"               daemon [_thread_blocked, id=22640, stack(0x000000ecedb00000,0x000000ecedc00000) (1024K)]
  0x00000295fdec1950 JavaThread "Thread-41"                         [_thread_blocked, id=22632, stack(0x000000eced900000,0x000000eceda00000) (1024K)]
  0x00000295fdec2670 JavaThread "restartedMain"                     [_thread_blocked, id=7220, stack(0x000000eceed00000,0x000000eceee00000) (1024K)]
  0x00000295fdec1fe0 JavaThread "Catalina-utility-1"                [_thread_blocked, id=18760, stack(0x000000eceef00000,0x000000ecef000000) (1024K)]
  0x00000295fdec3a20 JavaThread "Catalina-utility-2"                [_thread_blocked, id=20764, stack(0x000000ecef300000,0x000000ecef400000) (1024K)]
  0x00000295fdec4740 JavaThread "container-2"                       [_thread_blocked, id=24704, stack(0x000000ecef400000,0x000000ecef500000) (1024K)]
  0x00000295fdec12c0 JavaThread "HikariPool-12:housekeeper"  daemon [_thread_blocked, id=20320, stack(0x000000ecefc00000,0x000000ecefd00000) (1024K)]
Total: 24

Other Threads:
  0x00000295edc3d6a0 VMThread "VM Thread"                           [id=22304, stack(0x000000ecee300000,0x000000ecee400000) (1024K)]
  0x00000295edc2ae10 WatcherThread "VM Periodic Task Thread"        [id=2548, stack(0x000000ecee200000,0x000000ecee300000) (1024K)]
  0x00000295d2d522c0 WorkerThread "GC Thread#0"                     [id=4164, stack(0x000000ecedd00000,0x000000ecede00000) (1024K)]
  0x00000295f2e97e30 WorkerThread "GC Thread#1"                     [id=13236, stack(0x000000ecef600000,0x000000ecef700000) (1024K)]
  0x00000295f2e981d0 WorkerThread "GC Thread#2"                     [id=1844, stack(0x000000ecef700000,0x000000ecef800000) (1024K)]
  0x00000295f2e98570 WorkerThread "GC Thread#3"                     [id=23808, stack(0x000000ecef800000,0x000000ecef900000) (1024K)]
  0x00000295f2e76ad0 WorkerThread "GC Thread#4"                     [id=8816, stack(0x000000ecef900000,0x000000ecefa00000) (1024K)]
  0x00000295f2e76e70 WorkerThread "GC Thread#5"                     [id=5764, stack(0x000000ecefa00000,0x000000ecefb00000) (1024K)]
=>0x00000295f2fc1230 WorkerThread "GC Thread#6"                     [id=7860, stack(0x000000ecefb00000,0x000000ecefc00000) (1024K)]
  0x00000295f362d670 WorkerThread "GC Thread#7"                     [id=21728, stack(0x000000ecefe00000,0x000000eceff00000) (1024K)]
  0x00000295f362efd0 WorkerThread "GC Thread#8"                     [id=24000, stack(0x000000eceff00000,0x000000ecf0000000) (1024K)]
  0x00000295f81ccab0 WorkerThread "GC Thread#9"                     [id=20772, stack(0x000000ecf0400000,0x000000ecf0500000) (1024K)]
  0x00000295f81cf290 WorkerThread "GC Thread#10"                    [id=9844, stack(0x000000ecf0500000,0x000000ecf0600000) (1024K)]
  0x00000295f81ce7b0 WorkerThread "GC Thread#11"                    [id=18868, stack(0x000000ecf0600000,0x000000ecf0700000) (1024K)]
  0x00000295f81cbc30 WorkerThread "GC Thread#12"                    [id=9772, stack(0x000000ecf0700000,0x000000ecf0800000) (1024K)]
  0x00000295d2d641e0 ConcurrentGCThread "G1 Main Marker"            [id=7204, stack(0x000000ecede00000,0x000000ecedf00000) (1024K)]
  0x00000295d2d66040 WorkerThread "G1 Conc#0"                       [id=24508, stack(0x000000ecedf00000,0x000000ecee000000) (1024K)]
  0x00000295f81cd1f0 WorkerThread "G1 Conc#1"                       [id=1808, stack(0x000000ecf0800000,0x000000ecf0900000) (1024K)]
  0x00000295f81cd590 WorkerThread "G1 Conc#2"                       [id=10888, stack(0x000000ecf0900000,0x000000ecf0a00000) (1024K)]
  0x00000295edaf9160 ConcurrentGCThread "G1 Refine#0"               [id=23108, stack(0x000000ecee000000,0x000000ecee100000) (1024K)]
  0x00000295edaf9b70 ConcurrentGCThread "G1 Service"                [id=17468, stack(0x000000ecee100000,0x000000ecee200000) (1024K)]
Total: 21

Threads with active compile tasks:
Total: 0

VM state: at safepoint (normal execution)

VM Mutex/Monitor currently owned by a thread:  ([mutex/lock_event])
[0x00007ffa2a1be380] Threads_lock - owner thread: 0x00000295edc3d6a0
[0x00007ffa2a1be480] Heap_lock - owner thread: 0x00000295fdec05a0

Heap address: 0x0000000703600000, size: 4042 MB, Compressed Oops mode: Zero based, Oop shift amount: 3

CDS archive(s) mapped at: [0x0000029580000000-0x0000029580c80000-0x0000029580c80000), size 13107200, SharedBaseAddress: 0x0000029580000000, ArchiveRelocationMode: 1.
Compressed class space mapped at: 0x0000029581000000-0x00000295c1000000, reserved size: 1073741824
Narrow klass base: 0x0000029580000000, Narrow klass shift: 0, Narrow klass range: 0x100000000

GC Precious Log:
 CardTable entry size: 512
 Card Set container configuration: InlinePtr #cards 4 size 8 Array Of Cards #cards 16 size 48 Howl #buckets 8 coarsen threshold 3686 Howl Bitmap #cards 512 size 80 coarsen threshold 460 Card regions per heap region 1 cards per card region 4096
 CPUs: 16 total, 16 available
 Memory: 16163M
 Large Page Support: Disabled
 NUMA Support: Disabled
 Compressed Oops: Enabled (Zero based)
 Heap Region Size: 2M
 Heap Min Capacity: 8M
 Heap Initial Capacity: 254M
 Heap Max Capacity: 4042M
 Pre-touch: Disabled
 Parallel Workers: 13
 Concurrent Workers: 3
 Concurrent Refinement Workers: 13
 Periodic GC: Disabled

Heap:
 garbage-first heap   total 108544K, used 87525K [0x0000000703600000, 0x0000000800000000)
  region size 2048K, 25 young (51200K), 2 survivors (4096K)
 Metaspace       used 93635K, committed 94784K, reserved 1179648K
  class space    used 11801K, committed 12352K, reserved 1048576K

Heap Regions: E=young(eden), S=young(survivor), O=old, HS=humongous(starts), HC=humongous(continues), CS=collection set, F=free, TAMS=top-at-mark-start, PB=parsable bottom
|   0|0x0000000703600000, 0x00000007037ffff0, 0x0000000703800000| 99%| O|  |TAMS 0x0000000703600000| PB 0x0000000703600000| Untracked 
|   1|0x0000000703800000, 0x0000000703a00000, 0x0000000703a00000|100%| O|  |TAMS 0x0000000703800000| PB 0x0000000703800000| Untracked 
|   2|0x0000000703a00000, 0x0000000703bffff0, 0x0000000703c00000| 99%| O|  |TAMS 0x0000000703a00000| PB 0x0000000703a00000| Untracked 
|   3|0x0000000703c00000, 0x0000000703dfffd8, 0x0000000703e00000| 99%| O|  |TAMS 0x0000000703c00000| PB 0x0000000703c00000| Untracked 
|   4|0x0000000703e00000, 0x0000000703fffff8, 0x0000000704000000| 99%| O|  |TAMS 0x0000000703e00000| PB 0x0000000703e00000| Untracked 
|   5|0x0000000704000000, 0x00000007041fffe8, 0x0000000704200000| 99%| O|  |TAMS 0x0000000704000000| PB 0x0000000704000000| Untracked 
|   6|0x0000000704200000, 0x00000007043fffb8, 0x0000000704400000| 99%| O|  |TAMS 0x0000000704200000| PB 0x0000000704200000| Untracked 
|   7|0x0000000704400000, 0x00000007045ffa28, 0x0000000704600000| 99%| O|  |TAMS 0x0000000704400000| PB 0x0000000704400000| Untracked 
|   8|0x0000000704600000, 0x00000007047fffc0, 0x0000000704800000| 99%| O|  |TAMS 0x0000000704600000| PB 0x0000000704600000| Untracked 
|   9|0x0000000704800000, 0x00000007049fffe8, 0x0000000704a00000| 99%| O|  |TAMS 0x0000000704800000| PB 0x0000000704800000| Untracked 
|  10|0x0000000704a00000, 0x0000000704bfffe0, 0x0000000704c00000| 99%| O|  |TAMS 0x0000000704a00000| PB 0x0000000704a00000| Untracked 
|  11|0x0000000704c00000, 0x0000000704dffff8, 0x0000000704e00000| 99%| O|  |TAMS 0x0000000704c00000| PB 0x0000000704c00000| Untracked 
|  12|0x0000000704e00000, 0x0000000704ffffc8, 0x0000000705000000| 99%| O|  |TAMS 0x0000000704e00000| PB 0x0000000704e00000| Untracked 
|  13|0x0000000705000000, 0x00000007051fffe8, 0x0000000705200000| 99%| O|  |TAMS 0x0000000705000000| PB 0x0000000705000000| Untracked 
|  14|0x0000000705200000, 0x00000007053fffe8, 0x0000000705400000| 99%| O|  |TAMS 0x0000000705200000| PB 0x0000000705200000| Untracked 
|  15|0x0000000705400000, 0x00000007055ffff8, 0x0000000705600000| 99%| O|  |TAMS 0x0000000705400000| PB 0x0000000705400000| Untracked 
|  16|0x0000000705600000, 0x00000007056bd300, 0x0000000705800000| 36%| O|  |TAMS 0x0000000705600000| PB 0x0000000705600000| Untracked 
|  17|0x0000000705800000, 0x0000000705813828, 0x0000000705a00000|  3%| O|Cm|TAMS 0x0000000705800000| PB 0x0000000705800000| Complete 
|  18|0x0000000705a00000, 0x0000000705af7310, 0x0000000705c00000| 48%| O|  |TAMS 0x0000000705a00000| PB 0x0000000705a00000| Untracked 
|  19|0x0000000705c00000, 0x0000000705c8e9d8, 0x0000000705e00000| 27%| O|  |TAMS 0x0000000705c00000| PB 0x0000000705c00000| Untracked 
|  20|0x0000000705e00000, 0x0000000706000000, 0x0000000706000000|100%| O|  |TAMS 0x0000000705e00000| PB 0x0000000705e00000| Untracked 
|  21|0x0000000706000000, 0x0000000706200000, 0x0000000706200000|100%| O|  |TAMS 0x0000000706000000| PB 0x0000000706000000| Untracked 
|  22|0x0000000706200000, 0x0000000706275220, 0x0000000706400000| 22%| O|  |TAMS 0x0000000706200000| PB 0x0000000706200000| Untracked 
|  23|0x0000000706400000, 0x0000000706400000, 0x0000000706600000|  0%| F|  |TAMS 0x0000000706400000| PB 0x0000000706400000| Untracked 
|  24|0x0000000706600000, 0x0000000706723408, 0x0000000706800000| 56%| E|CS|TAMS 0x0000000706600000| PB 0x0000000706600000| Complete 
|  25|0x0000000706800000, 0x0000000706a00000, 0x0000000706a00000|100%| E|CS|TAMS 0x0000000706800000| PB 0x0000000706800000| Complete 
|  26|0x0000000706a00000, 0x0000000706c00000, 0x0000000706c00000|100%| E|CS|TAMS 0x0000000706a00000| PB 0x0000000706a00000| Complete 
|  27|0x0000000706c00000, 0x0000000706c00000, 0x0000000706e00000|  0%| F|  |TAMS 0x0000000706c00000| PB 0x0000000706c00000| Untracked 
|  28|0x0000000706e00000, 0x0000000706e251d0, 0x0000000707000000|  7%| S|  |TAMS 0x0000000706e00000| PB 0x0000000706e00000| Complete 
|  29|0x0000000707000000, 0x0000000707200000, 0x0000000707200000|100%| S|  |TAMS 0x0000000707000000| PB 0x0000000707000000| Complete 
|  30|0x0000000707200000, 0x0000000707400000, 0x0000000707400000|100%| E|CS|TAMS 0x0000000707200000| PB 0x0000000707200000| Complete 
|  31|0x0000000707400000, 0x0000000707600000, 0x0000000707600000|100%| E|CS|TAMS 0x0000000707400000| PB 0x0000000707400000| Complete 
|  32|0x0000000707600000, 0x0000000707800000, 0x0000000707800000|100%| E|CS|TAMS 0x0000000707600000| PB 0x0000000707600000| Complete 
|  33|0x0000000707800000, 0x0000000707a00000, 0x0000000707a00000|100%| E|CS|TAMS 0x0000000707800000| PB 0x0000000707800000| Complete 
|  34|0x0000000707a00000, 0x0000000707c00000, 0x0000000707c00000|100%| E|CS|TAMS 0x0000000707a00000| PB 0x0000000707a00000| Complete 
|  35|0x0000000707c00000, 0x0000000707e00000, 0x0000000707e00000|100%| E|CS|TAMS 0x0000000707c00000| PB 0x0000000707c00000| Complete 
|  36|0x0000000707e00000, 0x0000000708000000, 0x0000000708000000|100%| E|CS|TAMS 0x0000000707e00000| PB 0x0000000707e00000| Complete 
|  37|0x0000000708000000, 0x0000000708200000, 0x0000000708200000|100%| E|CS|TAMS 0x0000000708000000| PB 0x0000000708000000| Complete 
|  38|0x0000000708200000, 0x0000000708400000, 0x0000000708400000|100%| E|CS|TAMS 0x0000000708200000| PB 0x0000000708200000| Complete 
|  39|0x0000000708400000, 0x0000000708600000, 0x0000000708600000|100%| E|CS|TAMS 0x0000000708400000| PB 0x0000000708400000| Complete 
|  40|0x0000000708600000, 0x0000000708800000, 0x0000000708800000|100%| E|CS|TAMS 0x0000000708600000| PB 0x0000000708600000| Complete 
|  41|0x0000000708800000, 0x0000000708a00000, 0x0000000708a00000|100%| E|CS|TAMS 0x0000000708800000| PB 0x0000000708800000| Complete 
|  42|0x0000000708a00000, 0x0000000708c00000, 0x0000000708c00000|100%| E|CS|TAMS 0x0000000708a00000| PB 0x0000000708a00000| Complete 
|  43|0x0000000708c00000, 0x0000000708e00000, 0x0000000708e00000|100%| E|CS|TAMS 0x0000000708c00000| PB 0x0000000708c00000| Complete 
|  44|0x0000000708e00000, 0x0000000709000000, 0x0000000709000000|100%| E|CS|TAMS 0x0000000708e00000| PB 0x0000000708e00000| Complete 
|  45|0x0000000709000000, 0x0000000709200000, 0x0000000709200000|100%| E|CS|TAMS 0x0000000709000000| PB 0x0000000709000000| Complete 
|  46|0x0000000709200000, 0x0000000709400000, 0x0000000709400000|100%| E|CS|TAMS 0x0000000709200000| PB 0x0000000709200000| Complete 
|  47|0x0000000709400000, 0x0000000709600000, 0x0000000709600000|100%| E|CS|TAMS 0x0000000709400000| PB 0x0000000709400000| Complete 
|  48|0x0000000709600000, 0x0000000709800000, 0x0000000709800000|100%| E|CS|TAMS 0x0000000709600000| PB 0x0000000709600000| Complete 
|  49|0x0000000709800000, 0x0000000709a00000, 0x0000000709a00000|100%| E|CS|TAMS 0x0000000709800000| PB 0x0000000709800000| Complete 
|  50|0x0000000709a00000, 0x0000000709c00000, 0x0000000709c00000|100%| E|CS|TAMS 0x0000000709a00000| PB 0x0000000709a00000| Complete 
|  51|0x0000000709c00000, 0x0000000709e00000, 0x0000000709e00000|100%| E|CS|TAMS 0x0000000709c00000| PB 0x0000000709c00000| Complete 
| 126|0x0000000713200000, 0x0000000713400000, 0x0000000713400000|100%| E|CS|TAMS 0x0000000713200000| PB 0x0000000713200000| Complete 

Card table byte_map: [0x00000295e65d0000,0x00000295e6dc0000] _byte_map_base: 0x00000295e2db5000

Marking Bits: (CMBitMap*) 0x00000295d2d52860
 Bits: [0x00000295e6dc0000, 0x00000295eace8000)

Polling page: 0x00000295d0a50000

Metaspace:

Usage:
  Non-class:     79.92 MB used.
      Class:     11.53 MB used.
       Both:     91.44 MB used.

Virtual space:
  Non-class space:      128.00 MB reserved,      80.50 MB ( 63%) committed,  2 nodes.
      Class space:        1.00 GB reserved,      12.06 MB (  1%) committed,  1 nodes.
             Both:        1.12 GB reserved,      92.56 MB (  8%) committed. 

Chunk freelists:
   Non-Class:  15.34 MB
       Class:  3.79 MB
        Both:  19.14 MB

MaxMetaspaceSize: unlimited
CompressedClassSpaceSize: 1.00 GB
Initial GC threshold: 21.00 MB
Current GC threshold: 153.56 MB
CDS: on
 - commit_granule_bytes: 65536.
 - commit_granule_words: 8192.
 - virtual_space_node_default_size: 8388608.
 - enlarge_chunks_in_place: 1.
 - use_allocation_guard: 0.


Internal statistics:

num_allocs_failed_limit: 11.
num_arena_births: 1544.
num_arena_deaths: 42.
num_vsnodes_births: 3.
num_vsnodes_deaths: 0.
num_space_committed: 1481.
num_space_uncommitted: 0.
num_chunks_returned_to_freelist: 66.
num_chunks_taken_from_freelist: 5349.
num_chunk_merges: 13.
num_chunk_splits: 3632.
num_chunks_enlarged: 2660.
num_inconsistent_stats: 0.

CodeHeap 'non-profiled nmethods': size=119168Kb used=10427Kb max_used=10427Kb free=108740Kb
 bounds [0x00000295de210000, 0x00000295dec40000, 0x00000295e5670000]
CodeHeap 'profiled nmethods': size=119104Kb used=20327Kb max_used=20327Kb free=98776Kb
 bounds [0x00000295d6670000, 0x00000295d7a60000, 0x00000295ddac0000]
CodeHeap 'non-nmethods': size=7488Kb used=2021Kb max_used=3774Kb free=5466Kb
 bounds [0x00000295ddac0000, 0x00000295dde80000, 0x00000295de210000]
 total_blobs=10265 nmethods=9510 adapters=658
 compilation: enabled
              stopped_count=0, restarted_count=0
 full_count=0

Compilation events (20 events):
Event: 756.769 Thread 0x00000295edc72000 15793       1       java.text.NumberFormat::getMinimumFractionDigits (5 bytes)
Event: 756.769 Thread 0x00000295f5e16b10 15798       1       java.text.NumberFormat::setParseIntegerOnly (6 bytes)
Event: 756.769 Thread 0x00000295f5e16b10 nmethod 15798 0x00000295dec3d290 code [0x00000295dec3d420, 0x00000295dec3d4f0]
Event: 756.769 Thread 0x00000295edc72000 nmethod 15793 0x00000295dec3d590 code [0x00000295dec3d720, 0x00000295dec3d7e8]
Event: 756.771 Thread 0x00000295edc71570 nmethod 15799 0x00000295dec3d890 code [0x00000295dec3da40, 0x00000295dec3dcb8]
Event: 756.774 Thread 0x00000295f6ea6840 nmethod 15794 0x00000295d7a43990 code [0x00000295d7a447e0, 0x00000295d7a4db80]
Event: 756.802 Thread 0x00000295f6ea6840 15801       3       com.zaxxer.hikari.util.ConcurrentBag::size (8 bytes)
Event: 756.802 Thread 0x00000295f5e16b10 15800       3       com.zaxxer.hikari.pool.HikariPool::getTotalConnections (8 bytes)
Event: 756.802 Thread 0x00000295f6ea6840 nmethod 15801 0x00000295d7a51590 code [0x00000295d7a51740, 0x00000295d7a51960]
Event: 756.802 Thread 0x00000295f5e16b10 nmethod 15800 0x00000295d7a51a90 code [0x00000295d7a51c40, 0x00000295d7a51ee0]
Event: 756.831 Thread 0x00000295edc72000 15802       3       sun.util.calendar.ZoneInfo::clone (15 bytes)
Event: 756.831 Thread 0x00000295f5e16b10 15803   !   3       java.util.TimeZone::clone (15 bytes)
Event: 756.832 Thread 0x00000295f5e16b10 nmethod 15803 0x00000295d7a52010 code [0x00000295d7a521e0, 0x00000295d7a52410]
Event: 756.832 Thread 0x00000295edc72000 nmethod 15802 0x00000295d7a52510 code [0x00000295d7a526e0, 0x00000295d7a52a90]
Event: 886.021 Thread 0x00000295edc72000 15805       1       org.apache.catalina.core.StandardContext::getThreadBindingListener (5 bytes)
Event: 886.021 Thread 0x00000295edc72000 nmethod 15805 0x00000295dec3e310 code [0x00000295dec3e4a0, 0x00000295dec3e570]
Event: 893.550 Thread 0x00000295edc71570 15806   !   4       java.util.AbstractSet::equals (45 bytes)
Event: 893.552 Thread 0x00000295edc71570 nmethod 15806 0x00000295dec3e610 code [0x00000295dec3e7c0, 0x00000295dec3e9e8]
Event: 909.085 Thread 0x00000295edc71570 15807       4       org.springframework.boot.devtools.filewatch.DirectorySnapshot::filter (72 bytes)
Event: 909.086 Thread 0x00000295edc71570 nmethod 15807 0x00000295dec3eb90 code [0x00000295dec3ed20, 0x00000295dec3edd0]

GC Heap History (20 events):
Event: 625.447 GC heap after
{Heap after GC invocations=46 (full 5):
 garbage-first heap   total 90112K, used 39829K [0x0000000703600000, 0x0000000800000000)
  region size 2048K, 2 young (4096K), 2 survivors (4096K)
 Metaspace       used 90459K, committed 91520K, reserved 1179648K
  class space    used 11562K, committed 12032K, reserved 1048576K
}
Event: 630.003 GC heap before
{Heap before GC invocations=46 (full 5):
 garbage-first heap   total 90112K, used 50069K [0x0000000703600000, 0x0000000800000000)
  region size 2048K, 8 young (16384K), 2 survivors (4096K)
 Metaspace       used 90504K, committed 91584K, reserved 1179648K
  class space    used 11563K, committed 12096K, reserved 1048576K
}
Event: 630.050 GC heap after
{Heap after GC invocations=47 (full 6):
 garbage-first heap   total 90112K, used 32977K [0x0000000703600000, 0x0000000800000000)
  region size 2048K, 0 young (0K), 0 survivors (0K)
 Metaspace       used 90498K, committed 91584K, reserved 1179648K
  class space    used 11562K, committed 12096K, reserved 1048576K
}
Event: 630.316 GC heap before
{Heap before GC invocations=47 (full 6):
 garbage-first heap   total 90112K, used 73937K [0x0000000703600000, 0x0000000800000000)
  region size 2048K, 20 young (40960K), 0 survivors (0K)
 Metaspace       used 90718K, committed 91776K, reserved 1179648K
  class space    used 11588K, committed 12096K, reserved 1048576K
}
Event: 630.319 GC heap after
{Heap after GC invocations=48 (full 6):
 garbage-first heap   total 108544K, used 37073K [0x0000000703600000, 0x0000000800000000)
  region size 2048K, 2 young (4096K), 2 survivors (4096K)
 Metaspace       used 90718K, committed 91776K, reserved 1179648K
  class space    used 11588K, committed 12096K, reserved 1048576K
}
Event: 639.604 GC heap before
{Heap before GC invocations=49 (full 6):
 garbage-first heap   total 108544K, used 88273K [0x0000000703600000, 0x0000000800000000)
  region size 2048K, 28 young (57344K), 2 survivors (4096K)
 Metaspace       used 91253K, committed 92352K, reserved 1179648K
  class space    used 11623K, committed 12160K, reserved 1048576K
}
Event: 639.649 GC heap after
{Heap after GC invocations=50 (full 7):
 garbage-first heap   total 108544K, used 33392K [0x0000000703600000, 0x0000000800000000)
  region size 2048K, 0 young (0K), 0 survivors (0K)
 Metaspace       used 91247K, committed 92352K, reserved 1179648K
  class space    used 11622K, committed 12160K, reserved 1048576K
}
Event: 639.998 GC heap before
{Heap before GC invocations=50 (full 7):
 garbage-first heap   total 108544K, used 84592K [0x0000000703600000, 0x0000000800000000)
  region size 2048K, 26 young (53248K), 0 survivors (0K)
 Metaspace       used 91533K, committed 92608K, reserved 1179648K
  class space    used 11651K, committed 12160K, reserved 1048576K
}
Event: 640.001 GC heap after
{Heap after GC invocations=51 (full 7):
 garbage-first heap   total 108544K, used 38763K [0x0000000703600000, 0x0000000800000000)
  region size 2048K, 3 young (6144K), 3 survivors (6144K)
 Metaspace       used 91533K, committed 92608K, reserved 1179648K
  class space    used 11651K, committed 12160K, reserved 1048576K
}
Event: 662.298 GC heap before
{Heap before GC invocations=52 (full 7):
 garbage-first heap   total 108544K, used 79723K [0x0000000703600000, 0x0000000800000000)
  region size 2048K, 24 young (49152K), 3 survivors (6144K)
 Metaspace       used 92039K, committed 93184K, reserved 1179648K
  class space    used 11684K, committed 12224K, reserved 1048576K
}
Event: 662.345 GC heap after
{Heap after GC invocations=53 (full 8):
 garbage-first heap   total 108544K, used 33886K [0x0000000703600000, 0x0000000800000000)
  region size 2048K, 0 young (0K), 0 survivors (0K)
 Metaspace       used 92033K, committed 93184K, reserved 1179648K
  class space    used 11683K, committed 12224K, reserved 1048576K
}
Event: 662.757 GC heap before
{Heap before GC invocations=53 (full 8):
 garbage-first heap   total 108544K, used 89182K [0x0000000703600000, 0x0000000800000000)
  region size 2048K, 27 young (55296K), 0 survivors (0K)
 Metaspace       used 92332K, committed 93440K, reserved 1179648K
  class space    used 11715K, committed 12224K, reserved 1048576K
}
Event: 662.761 GC heap after
{Heap after GC invocations=54 (full 8):
 garbage-first heap   total 108544K, used 39116K [0x0000000703600000, 0x0000000800000000)
  region size 2048K, 3 young (6144K), 3 survivors (6144K)
 Metaspace       used 92332K, committed 93440K, reserved 1179648K
  class space    used 11715K, committed 12224K, reserved 1048576K
}
Event: 730.521 GC heap before
{Heap before GC invocations=55 (full 8):
 garbage-first heap   total 108544K, used 90316K [0x0000000703600000, 0x0000000800000000)
  region size 2048K, 28 young (57344K), 3 survivors (6144K)
 Metaspace       used 92816K, committed 93952K, reserved 1179648K
  class space    used 11744K, committed 12288K, reserved 1048576K
}
Event: 730.525 GC heap after
{Heap after GC invocations=56 (full 8):
 garbage-first heap   total 108544K, used 40742K [0x0000000703600000, 0x0000000800000000)
  region size 2048K, 2 young (4096K), 2 survivors (4096K)
 Metaspace       used 92816K, committed 93952K, reserved 1179648K
  class space    used 11744K, committed 12288K, reserved 1048576K
}
Event: 755.594 GC heap before
{Heap before GC invocations=56 (full 8):
 garbage-first heap   total 108544K, used 46886K [0x0000000703600000, 0x0000000800000000)
  region size 2048K, 6 young (12288K), 2 survivors (4096K)
 Metaspace       used 92835K, committed 93952K, reserved 1179648K
  class space    used 11745K, committed 12288K, reserved 1048576K
}
Event: 755.643 GC heap after
{Heap after GC invocations=57 (full 9):
 garbage-first heap   total 108544K, used 35160K [0x0000000703600000, 0x0000000800000000)
  region size 2048K, 0 young (0K), 0 survivors (0K)
 Metaspace       used 92829K, committed 93952K, reserved 1179648K
  class space    used 11744K, committed 12288K, reserved 1048576K
}
Event: 756.030 GC heap before
{Heap before GC invocations=57 (full 9):
 garbage-first heap   total 108544K, used 86360K [0x0000000703600000, 0x0000000800000000)
  region size 2048K, 26 young (53248K), 0 survivors (0K)
 Metaspace       used 93130K, committed 94272K, reserved 1179648K
  class space    used 11772K, committed 12288K, reserved 1048576K
}
Event: 756.034 GC heap after
{Heap after GC invocations=58 (full 9):
 garbage-first heap   total 108544K, used 40421K [0x0000000703600000, 0x0000000800000000)
  region size 2048K, 3 young (6144K), 3 survivors (6144K)
 Metaspace       used 93130K, committed 94272K, reserved 1179648K
  class space    used 11772K, committed 12288K, reserved 1048576K
}
Event: 948.401 GC heap before
{Heap before GC invocations=59 (full 9):
 garbage-first heap   total 108544K, used 87525K [0x0000000703600000, 0x0000000800000000)
  region size 2048K, 26 young (53248K), 3 survivors (6144K)
 Metaspace       used 93635K, committed 94784K, reserved 1179648K
  class space    used 11801K, committed 12352K, reserved 1048576K
}

Dll operation events (12 events):
Event: 0.007 Loaded shared library C:\Program Files\eclipse-jee-2025-03-R-win32-x86_64\eclipse\plugins\org.eclipse.justj.openjdk.hotspot.jre.full.win32.x86_64_21.0.6.v20250130-0529\jre\bin\java.dll
Event: 0.027 Loaded shared library C:\Program Files\eclipse-jee-2025-03-R-win32-x86_64\eclipse\plugins\org.eclipse.justj.openjdk.hotspot.jre.full.win32.x86_64_21.0.6.v20250130-0529\jre\bin\zip.dll
Event: 0.209 Loaded shared library C:\Program Files\eclipse-jee-2025-03-R-win32-x86_64\eclipse\plugins\org.eclipse.justj.openjdk.hotspot.jre.full.win32.x86_64_21.0.6.v20250130-0529\jre\bin\instrument.dll
Event: 0.213 Loaded shared library C:\Program Files\eclipse-jee-2025-03-R-win32-x86_64\eclipse\plugins\org.eclipse.justj.openjdk.hotspot.jre.full.win32.x86_64_21.0.6.v20250130-0529\jre\bin\net.dll
Event: 0.213 Loaded shared library C:\Program Files\eclipse-jee-2025-03-R-win32-x86_64\eclipse\plugins\org.eclipse.justj.openjdk.hotspot.jre.full.win32.x86_64_21.0.6.v20250130-0529\jre\bin\nio.dll
Event: 0.215 Loaded shared library C:\Program Files\eclipse-jee-2025-03-R-win32-x86_64\eclipse\plugins\org.eclipse.justj.openjdk.hotspot.jre.full.win32.x86_64_21.0.6.v20250130-0529\jre\bin\zip.dll
Event: 0.324 Loaded shared library C:\Program Files\eclipse-jee-2025-03-R-win32-x86_64\eclipse\plugins\org.eclipse.justj.openjdk.hotspot.jre.full.win32.x86_64_21.0.6.v20250130-0529\jre\bin\jimage.dll
Event: 0.357 Loaded shared library C:\Program Files\eclipse-jee-2025-03-R-win32-x86_64\eclipse\plugins\org.eclipse.justj.openjdk.hotspot.jre.full.win32.x86_64_21.0.6.v20250130-0529\jre\bin\verify.dll
Event: 0.619 Loaded shared library C:\Program Files\eclipse-jee-2025-03-R-win32-x86_64\eclipse\plugins\org.eclipse.justj.openjdk.hotspot.jre.full.win32.x86_64_21.0.6.v20250130-0529\jre\bin\management.dll
Event: 0.621 Loaded shared library C:\Program Files\eclipse-jee-2025-03-R-win32-x86_64\eclipse\plugins\org.eclipse.justj.openjdk.hotspot.jre.full.win32.x86_64_21.0.6.v20250130-0529\jre\bin\management_ext.dll
Event: 1.981 Loaded shared library C:\Program Files\eclipse-jee-2025-03-R-win32-x86_64\eclipse\plugins\org.eclipse.justj.openjdk.hotspot.jre.full.win32.x86_64_21.0.6.v20250130-0529\jre\bin\sunmscapi.dll
Event: 5.906 Loaded shared library C:\Program Files\eclipse-jee-2025-03-R-win32-x86_64\eclipse\plugins\org.eclipse.justj.openjdk.hotspot.jre.full.win32.x86_64_21.0.6.v20250130-0529\jre\bin\extnet.dll

Deoptimization events (20 events):
Event: 756.414 Thread 0x00000295fdec2670 DEOPT PACKING pc=0x00000295d668c9a4 sp=0x000000eceedfaac0
Event: 756.414 Thread 0x00000295fdec2670 DEOPT UNPACKING pc=0x00000295ddb188e2 sp=0x000000eceedf9f68 mode 1
Event: 756.414 Thread 0x00000295fdec2670 DEOPT PACKING pc=0x00000295de3cabe4 sp=0x000000eceedfab40
Event: 756.414 Thread 0x00000295fdec2670 DEOPT UNPACKING pc=0x00000295ddb188e2 sp=0x000000eceedf9f10 mode 1
Event: 756.418 Thread 0x00000295fdec2670 Uncommon trap: trap_request=0xffffff97 fr.pc=0x00000295de8d9820 relative=0x0000000000004220
Event: 756.418 Thread 0x00000295fdec2670 Uncommon trap: reason=unhandled action=none pc=0x00000295de8d9820 method=java.net.URLClassLoader.findClass(Ljava/lang/String;)Ljava/lang/Class; @ 44 c2
Event: 756.418 Thread 0x00000295fdec2670 DEOPT PACKING pc=0x00000295de8d9820 sp=0x000000eceedf9f10
Event: 756.418 Thread 0x00000295fdec2670 DEOPT UNPACKING pc=0x00000295ddb17da2 sp=0x000000eceedf9e90 mode 2
Event: 756.418 Thread 0x00000295fdec2670 Uncommon trap: trap_request=0xffffff97 fr.pc=0x00000295de9e32a0 relative=0x0000000000000600
Event: 756.418 Thread 0x00000295fdec2670 Uncommon trap: reason=unhandled action=none pc=0x00000295de9e32a0 method=java.lang.Class.getMethod(Ljava/lang/String;[Ljava/lang/Class;)Ljava/lang/reflect/Method; @ 49 c2
Event: 756.418 Thread 0x00000295fdec2670 DEOPT PACKING pc=0x00000295de9e32a0 sp=0x000000eceedfb4d0
Event: 756.418 Thread 0x00000295fdec2670 DEOPT UNPACKING pc=0x00000295ddb17da2 sp=0x000000eceedfb4b8 mode 2
Event: 756.418 Thread 0x00000295fdec2670 DEOPT PACKING pc=0x00000295d7414324 sp=0x000000eceedfb570
Event: 756.418 Thread 0x00000295fdec2670 DEOPT UNPACKING pc=0x00000295ddb188e2 sp=0x000000eceedfaa40 mode 1
Event: 756.418 Thread 0x00000295fdec2670 Uncommon trap: trap_request=0xffffff97 fr.pc=0x00000295de9e32a0 relative=0x0000000000000600
Event: 756.418 Thread 0x00000295fdec2670 Uncommon trap: reason=unhandled action=none pc=0x00000295de9e32a0 method=java.lang.Class.getMethod(Ljava/lang/String;[Ljava/lang/Class;)Ljava/lang/reflect/Method; @ 49 c2
Event: 756.418 Thread 0x00000295fdec2670 DEOPT PACKING pc=0x00000295de9e32a0 sp=0x000000eceedfb4c0
Event: 756.418 Thread 0x00000295fdec2670 DEOPT UNPACKING pc=0x00000295ddb17da2 sp=0x000000eceedfb4c0 mode 2
Event: 763.281 Thread 0x00000295fdec2670 DEOPT PACKING pc=0x00000295de230d94 sp=0x000000eceedfc5b0
Event: 763.281 Thread 0x00000295fdec2670 DEOPT UNPACKING pc=0x00000295ddb188e2 sp=0x000000eceedfba28 mode 0

Classes loaded (20 events):
Event: 121.467 Loading class java/util/function/IntBinaryOperator
Event: 121.467 Loading class java/util/function/IntBinaryOperator done
Event: 121.467 Loading class java/util/stream/ReduceOps$7
Event: 121.467 Loading class java/util/stream/ReduceOps$7 done
Event: 121.467 Loading class java/util/stream/ReduceOps$6ReducingSink
Event: 121.467 Loading class java/util/stream/ReduceOps$6ReducingSink done
Event: 121.467 Loading class java/util/stream/ReferencePipeline$4$1
Event: 121.467 Loading class java/util/stream/ReferencePipeline$4$1 done
Event: 121.471 Loading class java/io/PrintWriter$1
Event: 121.471 Loading class java/io/PrintWriter$1 done
Event: 121.471 Loading class java/lang/Throwable$WrappedPrintWriter
Event: 121.471 Loading class java/lang/Throwable$PrintStreamOrWriter
Event: 121.471 Loading class java/lang/Throwable$PrintStreamOrWriter done
Event: 121.471 Loading class java/lang/Throwable$WrappedPrintWriter done
Event: 285.294 Loading class java/util/concurrent/locks/AbstractQueuedSynchronizer$SharedNode
Event: 285.294 Loading class java/util/concurrent/locks/AbstractQueuedSynchronizer$SharedNode done
Event: 298.644 Loading class java/lang/ref/Finalizer$2
Event: 298.644 Loading class java/lang/ref/Finalizer$2 done
Event: 298.645 Loading class java/lang/ref/Finalizer$1
Event: 298.645 Loading class java/lang/ref/Finalizer$1 done

Classes unloaded (20 events):
Event: 521.249 Thread 0x00000295edc3d6a0 Unloading class 0x0000029581b75400 'jdk/internal/reflect/GeneratedSerializationConstructorAccessor2'
Event: 521.249 Thread 0x00000295edc3d6a0 Unloading class 0x0000029581b64000 'org/apache/catalina/loader/JdbcLeakPrevention'
Event: 556.553 Thread 0x00000295edc3d6a0 Unloading class 0x0000029581b86000 'jdk/internal/reflect/GeneratedSerializationConstructorAccessor3'
Event: 556.553 Thread 0x00000295edc3d6a0 Unloading class 0x0000029581b75c00 'org/apache/catalina/loader/JdbcLeakPrevention'
Event: 569.232 Thread 0x00000295edc3d6a0 Unloading class 0x0000029581b95800 'jdk/internal/reflect/GeneratedSerializationConstructorAccessor4'
Event: 569.232 Thread 0x00000295edc3d6a0 Unloading class 0x0000029581b88000 'org/apache/catalina/loader/JdbcLeakPrevention'
Event: 624.586 Thread 0x00000295edc3d6a0 Unloading class 0x0000029581bdd000 'jdk/internal/reflect/GeneratedSerializationConstructorAccessor7'
Event: 624.586 Thread 0x00000295edc3d6a0 Unloading class 0x0000029581bc2800 'jdk/internal/reflect/GeneratedSerializationConstructorAccessor6'
Event: 624.586 Thread 0x00000295edc3d6a0 Unloading class 0x0000029581bc8c00 'org/apache/catalina/loader/JdbcLeakPrevention'
Event: 624.586 Thread 0x00000295edc3d6a0 Unloading class 0x0000029581ba8800 'jdk/internal/reflect/GeneratedSerializationConstructorAccessor5'
Event: 624.586 Thread 0x00000295edc3d6a0 Unloading class 0x0000029581ba8c00 'org/apache/catalina/loader/JdbcLeakPrevention'
Event: 624.586 Thread 0x00000295edc3d6a0 Unloading class 0x0000029581b98800 'org/apache/catalina/loader/JdbcLeakPrevention'
Event: 630.020 Thread 0x00000295edc3d6a0 Unloading class 0x0000029581be9c00 'jdk/internal/reflect/GeneratedSerializationConstructorAccessor8'
Event: 630.020 Thread 0x00000295edc3d6a0 Unloading class 0x0000029581bdf800 'org/apache/catalina/loader/JdbcLeakPrevention'
Event: 639.620 Thread 0x00000295edc3d6a0 Unloading class 0x0000029581bfd400 'jdk/internal/reflect/GeneratedSerializationConstructorAccessor9'
Event: 639.620 Thread 0x00000295edc3d6a0 Unloading class 0x0000029581bf0000 'org/apache/catalina/loader/JdbcLeakPrevention'
Event: 662.314 Thread 0x00000295edc3d6a0 Unloading class 0x0000029581c0b000 'jdk/internal/reflect/GeneratedSerializationConstructorAccessor10'
Event: 662.314 Thread 0x00000295edc3d6a0 Unloading class 0x0000029581c00800 'org/apache/catalina/loader/JdbcLeakPrevention'
Event: 755.609 Thread 0x00000295edc3d6a0 Unloading class 0x0000029581c25000 'jdk/internal/reflect/GeneratedSerializationConstructorAccessor11'
Event: 755.609 Thread 0x00000295edc3d6a0 Unloading class 0x0000029581c14000 'org/apache/catalina/loader/JdbcLeakPrevention'

Classes redefined (3 events):
Event: 284.307 Thread 0x00000295edc3d6a0 redefined class name=com.banka.odev.controller.UserController, count=1
Event: 519.498 Thread 0x00000295edc3d6a0 redefined class name=com.banka.odev.controller.UserController, count=1
Event: 519.498 Thread 0x00000295edc3d6a0 redefined class name=com.banka.odev.controller.UserController, count=2

Internal exceptions (20 events):
Event: 662.353 Thread 0x00000295fecb9cc0 Exception <a 'sun/nio/fs/WindowsException'{0x0000000713266990}> (0x0000000713266990) 
thrown [s\src\hotspot\share\prims\jni.cpp, line 520]
Event: 662.573 Thread 0x00000295fecb9cc0 Exception <a 'java/lang/NoClassDefFoundError'{0x0000000707ce4240}: org/flywaydb/core/Flyway> (0x0000000707ce4240) 
thrown [s\src\hotspot\share\oops\constantPool.cpp, line 873]
Event: 662.575 Thread 0x00000295fecb9cc0 Exception <a 'java/lang/NoClassDefFoundError'{0x0000000707ce48a0}: liquibase/integration/spring/SpringLiquibase> (0x0000000707ce48a0) 
thrown [s\src\hotspot\share\oops\constantPool.cpp, line 873]
Event: 662.577 Thread 0x00000295fecb9cc0 Exception <a 'java/lang/NoClassDefFoundError'{0x0000000707d06030}: org/jooq/DSLContext> (0x0000000707d06030) 
thrown [s\src\hotspot\share\oops\constantPool.cpp, line 873]
Event: 662.578 Thread 0x00000295fecb9cc0 Exception <a 'java/lang/NoClassDefFoundError'{0x0000000707d52c10}: org/springframework/batch/core/repository/JobRepository> (0x0000000707d52c10) 
thrown [s\src\hotspot\share\oops\constantPool.cpp, line 873]
Event: 662.578 Thread 0x00000295fecb9cc0 Exception <a 'java/lang/NoClassDefFoundError'{0x0000000707d53268}: org/quartz/Scheduler> (0x0000000707d53268) 
thrown [s\src\hotspot\share\oops\constantPool.cpp, line 873]
Event: 662.579 Thread 0x00000295fecb9cc0 Exception <a 'java/lang/NoClassDefFoundError'{0x0000000707d538e8}: org/springframework/session/jdbc/JdbcIndexedSessionRepository> (0x0000000707d538e8) 
thrown [s\src\hotspot\share\oops\constantPool.cpp, line 873]
Event: 662.603 Thread 0x00000295fecb9cc0 Exception <a 'java/io/FileNotFoundException'{0x000000070771f7f0}> (0x000000070771f7f0) 
thrown [s\src\hotspot\share\prims\jni.cpp, line 520]
Event: 662.618 Thread 0x00000295fecb9cc0 Exception <a 'java/io/FileNotFoundException'{0x0000000707533048}> (0x0000000707533048) 
thrown [s\src\hotspot\share\prims\jni.cpp, line 520]
Event: 669.924 Thread 0x00000295f8198070 Implicit null exception at 0x00000295de3b5ccc to 0x00000295de3b5f88
Event: 755.593 Thread 0x00000295fecbbd90 Exception <a 'java/lang/InterruptedException'{0x00000007098f57a8}: sleep interrupted> (0x00000007098f57a8) 
thrown [s\src\hotspot\share\prims\jvm.cpp, line 3074]
Event: 755.652 Thread 0x00000295fdec2670 Exception <a 'sun/nio/fs/WindowsException'{0x000000071326a490}> (0x000000071326a490) 
thrown [s\src\hotspot\share\prims\jni.cpp, line 520]
Event: 755.867 Thread 0x00000295fdec2670 Exception <a 'java/lang/NoClassDefFoundError'{0x0000000707ceac18}: org/flywaydb/core/Flyway> (0x0000000707ceac18) 
thrown [s\src\hotspot\share\oops\constantPool.cpp, line 873]
Event: 755.869 Thread 0x00000295fdec2670 Exception <a 'java/lang/NoClassDefFoundError'{0x0000000707ceb278}: liquibase/integration/spring/SpringLiquibase> (0x0000000707ceb278) 
thrown [s\src\hotspot\share\oops\constantPool.cpp, line 873]
Event: 755.871 Thread 0x00000295fdec2670 Exception <a 'java/lang/NoClassDefFoundError'{0x0000000707d0cc68}: org/jooq/DSLContext> (0x0000000707d0cc68) 
thrown [s\src\hotspot\share\oops\constantPool.cpp, line 873]
Event: 755.874 Thread 0x00000295fdec2670 Exception <a 'java/lang/NoClassDefFoundError'{0x0000000707d5c8a8}: org/springframework/batch/core/repository/JobRepository> (0x0000000707d5c8a8) 
thrown [s\src\hotspot\share\oops\constantPool.cpp, line 873]
Event: 755.874 Thread 0x00000295fdec2670 Exception <a 'java/lang/NoClassDefFoundError'{0x0000000707d5cf00}: org/quartz/Scheduler> (0x0000000707d5cf00) 
thrown [s\src\hotspot\share\oops\constantPool.cpp, line 873]
Event: 755.874 Thread 0x00000295fdec2670 Exception <a 'java/lang/NoClassDefFoundError'{0x0000000707d5d580}: org/springframework/session/jdbc/JdbcIndexedSessionRepository> (0x0000000707d5d580) 
thrown [s\src\hotspot\share\oops\constantPool.cpp, line 873]
Event: 755.902 Thread 0x00000295fdec2670 Exception <a 'java/io/FileNotFoundException'{0x000000070772a5f0}> (0x000000070772a5f0) 
thrown [s\src\hotspot\share\prims\jni.cpp, line 520]
Event: 755.915 Thread 0x00000295fdec2670 Exception <a 'java/io/FileNotFoundException'{0x000000070753d920}> (0x000000070753d920) 
thrown [s\src\hotspot\share\prims\jni.cpp, line 520]

ZGC Phase Switch (0 events):
No events

VM Operations (20 events):
Event: 782.695 Executing VM operation: ChangeBreakpoints done
Event: 782.696 Executing VM operation: ChangeBreakpoints
Event: 782.697 Executing VM operation: ChangeBreakpoints done
Event: 782.698 Executing VM operation: ChangeBreakpoints
Event: 782.699 Executing VM operation: ChangeBreakpoints done
Event: 782.700 Executing VM operation: ChangeBreakpoints
Event: 782.701 Executing VM operation: ChangeBreakpoints done
Event: 782.701 Executing VM operation: ChangeBreakpoints
Event: 782.703 Executing VM operation: ChangeBreakpoints done
Event: 782.703 Executing VM operation: ChangeBreakpoints
Event: 782.704 Executing VM operation: ChangeBreakpoints done
Event: 782.705 Executing VM operation: ChangeBreakpoints
Event: 782.706 Executing VM operation: ChangeBreakpoints done
Event: 782.707 Executing VM operation: ChangeBreakpoints
Event: 782.708 Executing VM operation: ChangeBreakpoints done
Event: 782.709 Executing VM operation: ChangeBreakpoints
Event: 782.710 Executing VM operation: ChangeBreakpoints done
Event: 894.665 Executing VM operation: Cleanup
Event: 894.665 Executing VM operation: Cleanup done
Event: 948.401 Executing VM operation: G1CollectForAllocation (G1 Evacuation Pause)

Memory protections (0 events):
No events

Nmethod flushes (20 events):
Event: 756.066 Thread 0x00000295edc3d6a0 flushing  nmethod 0x00000295d7389f10
Event: 756.066 Thread 0x00000295edc3d6a0 flushing  nmethod 0x00000295d753fb10
Event: 756.066 Thread 0x00000295edc3d6a0 flushing  nmethod 0x00000295d66b8910
Event: 756.066 Thread 0x00000295edc3d6a0 flushing  nmethod 0x00000295d6b8b190
Event: 756.066 Thread 0x00000295edc3d6a0 flushing  nmethod 0x00000295d71a6f90
Event: 756.066 Thread 0x00000295edc3d6a0 flushing  nmethod 0x00000295d6935710
Event: 756.066 Thread 0x00000295edc3d6a0 flushing  nmethod 0x00000295d789c690
Event: 756.066 Thread 0x00000295edc3d6a0 flushing  nmethod 0x00000295de3b5710
Event: 756.066 Thread 0x00000295edc3d6a0 flushing  nmethod 0x00000295d6b78e10
Event: 756.066 Thread 0x00000295edc3d6a0 flushing  nmethod 0x00000295d7580990
Event: 756.066 Thread 0x00000295edc3d6a0 flushing  nmethod 0x00000295d677b910
Event: 756.066 Thread 0x00000295edc3d6a0 flushing  nmethod 0x00000295d6921910
Event: 756.066 Thread 0x00000295edc3d6a0 flushing  nmethod 0x00000295d6fbda10
Event: 756.066 Thread 0x00000295edc3d6a0 flushing  nmethod 0x00000295d6674d90
Event: 756.066 Thread 0x00000295edc3d6a0 flushing  nmethod 0x00000295d673ea10
Event: 756.066 Thread 0x00000295edc3d6a0 flushing  nmethod 0x00000295d6f74610
Event: 756.066 Thread 0x00000295edc3d6a0 flushing  nmethod 0x00000295d6768c10
Event: 756.066 Thread 0x00000295edc3d6a0 flushing  nmethod 0x00000295d681e310
Event: 756.066 Thread 0x00000295edc3d6a0 flushing  nmethod 0x00000295d6be3090
Event: 756.066 Thread 0x00000295edc3d6a0 flushing  nmethod 0x00000295d6f39110

Events (20 events):
Event: 755.593 Thread 0x00000295fecbbd90 Thread exited: 0x00000295fecbbd90
Event: 755.593 Thread 0x00000295fecba350 Thread exited: 0x00000295fecba350
Event: 755.594 Thread 0x00000295fecbb070 Thread exited: 0x00000295fecbb070
Event: 755.643 Thread 0x00000295fdec1950 Thread added: 0x00000295fdec3a20
Event: 755.644 Thread 0x00000295fdec3a20 Thread exited: 0x00000295fdec3a20
Event: 755.644 Thread 0x00000295fdec1950 Thread added: 0x00000295fdec2670
Event: 755.691 Thread 0x00000295fdec2670 Thread added: 0x00000295fdec1fe0
Event: 755.713 Thread 0x00000295fdec1fe0 Thread exited: 0x00000295fdec1fe0
Event: 755.864 Thread 0x00000295edc72000 Thread added: 0x00000295f6ea6840
Event: 755.916 Thread 0x00000295fdec2670 Thread added: 0x00000295fdec1fe0
Event: 755.916 Thread 0x00000295fdec2670 Thread added: 0x00000295fdec3a20
Event: 755.916 Thread 0x00000295fdec2670 Thread added: 0x00000295fdec4740
Event: 755.982 Thread 0x00000295fdec2670 Thread added: 0x00000295fdec12c0
Event: 756.055 Thread 0x00000295edc72000 Thread added: 0x00000295f5e16b10
Event: 756.093 Thread 0x00000295fdec12c0 Thread added: 0x00000295f8195280
Event: 756.552 Thread 0x00000295f6ea6840 Thread exited: 0x00000295f6ea6840
Event: 756.553 Thread 0x00000295edc72000 Thread added: 0x00000295f6ea6840
Event: 761.837 Thread 0x00000295f6ea6840 Thread exited: 0x00000295f6ea6840
Event: 761.837 Thread 0x00000295f5e16b10 Thread exited: 0x00000295f5e16b10
Event: 762.039 Thread 0x00000295f8195280 Thread exited: 0x00000295f8195280


Dynamic libraries:
0x00007ff60cb30000 - 0x00007ff60cb3e000 	C:\Program Files\eclipse-jee-2025-03-R-win32-x86_64\eclipse\plugins\org.eclipse.justj.openjdk.hotspot.jre.full.win32.x86_64_21.0.6.v20250130-0529\jre\bin\javaw.exe
0x00007ffad4740000 - 0x00007ffad49a5000 	C:\WINDOWS\SYSTEM32\ntdll.dll
0x00007ffad3330000 - 0x00007ffad33f9000 	C:\WINDOWS\System32\KERNEL32.DLL
0x00007ffad1890000 - 0x00007ffad1c78000 	C:\WINDOWS\System32\KERNELBASE.dll
0x00007ffad1d10000 - 0x00007ffad1e5b000 	C:\WINDOWS\System32\ucrtbase.dll
0x00007ffa294d0000 - 0x00007ffa294e8000 	C:\Program Files\eclipse-jee-2025-03-R-win32-x86_64\eclipse\plugins\org.eclipse.justj.openjdk.hotspot.jre.full.win32.x86_64_21.0.6.v20250130-0529\jre\bin\jli.dll
0x00007ffad2550000 - 0x00007ffad271a000 	C:\WINDOWS\System32\USER32.dll
0x00007ffab9610000 - 0x00007ffab98aa000 	C:\WINDOWS\WinSxS\amd64_microsoft.windows.common-controls_6595b64144ccf1df_6.0.26100.4202_none_3e0698d4e335f517\COMCTL32.dll
0x00007ffad2280000 - 0x00007ffad22a7000 	C:\WINDOWS\System32\win32u.dll
0x00007ffad2c70000 - 0x00007ffad2c9b000 	C:\WINDOWS\System32\GDI32.dll
0x00007ffad3180000 - 0x00007ffad3229000 	C:\WINDOWS\System32\msvcrt.dll
0x00007ffa94460000 - 0x00007ffa9447e000 	C:\Program Files\eclipse-jee-2025-03-R-win32-x86_64\eclipse\plugins\org.eclipse.justj.openjdk.hotspot.jre.full.win32.x86_64_21.0.6.v20250130-0529\jre\bin\VCRUNTIME140.dll
0x00007ffad1fe0000 - 0x00007ffad2117000 	C:\WINDOWS\System32\gdi32full.dll
0x00007ffad2430000 - 0x00007ffad24d3000 	C:\WINDOWS\System32\msvcp_win.dll
0x00007ffad3050000 - 0x00007ffad3080000 	C:\WINDOWS\System32\IMM32.DLL
0x00007ffaa6cc0000 - 0x00007ffaa6ccc000 	C:\Program Files\eclipse-jee-2025-03-R-win32-x86_64\eclipse\plugins\org.eclipse.justj.openjdk.hotspot.jre.full.win32.x86_64_21.0.6.v20250130-0529\jre\bin\vcruntime140_1.dll
0x00007ffa39230000 - 0x00007ffa392bd000 	C:\Program Files\eclipse-jee-2025-03-R-win32-x86_64\eclipse\plugins\org.eclipse.justj.openjdk.hotspot.jre.full.win32.x86_64_21.0.6.v20250130-0529\jre\bin\msvcp140.dll
0x00007ffa29510000 - 0x00007ffa2a2a0000 	C:\Program Files\eclipse-jee-2025-03-R-win32-x86_64\eclipse\plugins\org.eclipse.justj.openjdk.hotspot.jre.full.win32.x86_64_21.0.6.v20250130-0529\jre\bin\server\jvm.dll
0x00007ffad3b30000 - 0x00007ffad3be3000 	C:\WINDOWS\System32\ADVAPI32.dll
0x00007ffad3c60000 - 0x00007ffad3d06000 	C:\WINDOWS\System32\sechost.dll
0x00007ffad28e0000 - 0x00007ffad29f5000 	C:\WINDOWS\System32\RPCRT4.dll
0x00007ffad35a0000 - 0x00007ffad3614000 	C:\WINDOWS\System32\WS2_32.dll
0x00007ffad0470000 - 0x00007ffad04ce000 	C:\WINDOWS\SYSTEM32\POWRPROF.dll
0x00007ffac9b30000 - 0x00007ffac9b3b000 	C:\WINDOWS\SYSTEM32\VERSION.dll
0x00007ffabeae0000 - 0x00007ffabeb15000 	C:\WINDOWS\SYSTEM32\WINMM.dll
0x00007ffad0450000 - 0x00007ffad0464000 	C:\WINDOWS\SYSTEM32\UMPDC.dll
0x00007ffad06d0000 - 0x00007ffad06eb000 	C:\WINDOWS\SYSTEM32\kernel.appcore.dll
0x00007ffa29500000 - 0x00007ffa2950a000 	C:\Program Files\eclipse-jee-2025-03-R-win32-x86_64\eclipse\plugins\org.eclipse.justj.openjdk.hotspot.jre.full.win32.x86_64_21.0.6.v20250130-0529\jre\bin\jimage.dll
0x00007ffabdf30000 - 0x00007ffabe171000 	C:\WINDOWS\SYSTEM32\DBGHELP.DLL
0x00007ffad2ca0000 - 0x00007ffad3025000 	C:\WINDOWS\System32\combase.dll
0x00007ffad3090000 - 0x00007ffad3171000 	C:\WINDOWS\System32\OLEAUT32.dll
0x00007ffaa67b0000 - 0x00007ffaa67e9000 	C:\WINDOWS\SYSTEM32\dbgcore.DLL
0x00007ffad2120000 - 0x00007ffad21b9000 	C:\WINDOWS\System32\bcryptPrimitives.dll
0x00007ffa4ffc0000 - 0x00007ffa4fffc000 	C:\Program Files\eclipse-jee-2025-03-R-win32-x86_64\eclipse\plugins\org.eclipse.justj.openjdk.hotspot.jre.full.win32.x86_64_21.0.6.v20250130-0529\jre\bin\jdwp.dll
0x00007ffa294f0000 - 0x00007ffa294ff000 	C:\Program Files\eclipse-jee-2025-03-R-win32-x86_64\eclipse\plugins\org.eclipse.justj.openjdk.hotspot.jre.full.win32.x86_64_21.0.6.v20250130-0529\jre\bin\instrument.dll
0x00007ffa294b0000 - 0x00007ffa294cf000 	C:\Program Files\eclipse-jee-2025-03-R-win32-x86_64\eclipse\plugins\org.eclipse.justj.openjdk.hotspot.jre.full.win32.x86_64_21.0.6.v20250130-0529\jre\bin\java.dll
0x00007ffad3fb0000 - 0x00007ffad46f2000 	C:\WINDOWS\System32\SHELL32.dll
0x00007ffad1e60000 - 0x00007ffad1fd4000 	C:\WINDOWS\System32\wintypes.dll
0x00007ffacf4f0000 - 0x00007ffacfd48000 	C:\WINDOWS\SYSTEM32\windows.storage.dll
0x00007ffad3230000 - 0x00007ffad3321000 	C:\WINDOWS\System32\SHCORE.dll
0x00007ffad3bf0000 - 0x00007ffad3c5a000 	C:\WINDOWS\System32\shlwapi.dll
0x00007ffad17a0000 - 0x00007ffad17cf000 	C:\WINDOWS\SYSTEM32\profapi.dll
0x00007ffa28e60000 - 0x00007ffa28e78000 	C:\Program Files\eclipse-jee-2025-03-R-win32-x86_64\eclipse\plugins\org.eclipse.justj.openjdk.hotspot.jre.full.win32.x86_64_21.0.6.v20250130-0529\jre\bin\zip.dll
0x00007ffaa6c20000 - 0x00007ffaa6c2b000 	C:\Program Files\eclipse-jee-2025-03-R-win32-x86_64\eclipse\plugins\org.eclipse.justj.openjdk.hotspot.jre.full.win32.x86_64_21.0.6.v20250130-0529\jre\bin\dt_socket.dll
0x00007ffad00b0000 - 0x00007ffad00e3000 	C:\WINDOWS\SYSTEM32\IPHLPAPI.DLL
0x00007ffad0c80000 - 0x00007ffad0cea000 	C:\WINDOWS\system32\mswsock.dll
0x00007ffad0140000 - 0x00007ffad0267000 	C:\WINDOWS\SYSTEM32\DNSAPI.dll
0x00007ffad3450000 - 0x00007ffad345a000 	C:\WINDOWS\System32\NSI.dll
0x00007ffac7d10000 - 0x00007ffac7d1b000 	C:\Windows\System32\rasadhlp.dll
0x00007ffac2c00000 - 0x00007ffac2c86000 	C:\WINDOWS\System32\fwpuclnt.dll
0x00007ffa29470000 - 0x00007ffa29480000 	C:\Program Files\eclipse-jee-2025-03-R-win32-x86_64\eclipse\plugins\org.eclipse.justj.openjdk.hotspot.jre.full.win32.x86_64_21.0.6.v20250130-0529\jre\bin\net.dll
0x00007ffac97b0000 - 0x00007ffac98ce000 	C:\WINDOWS\SYSTEM32\WINHTTP.dll
0x00007ffa28e40000 - 0x00007ffa28e56000 	C:\Program Files\eclipse-jee-2025-03-R-win32-x86_64\eclipse\plugins\org.eclipse.justj.openjdk.hotspot.jre.full.win32.x86_64_21.0.6.v20250130-0529\jre\bin\nio.dll
0x00007ffa28e10000 - 0x00007ffa28e20000 	C:\Program Files\eclipse-jee-2025-03-R-win32-x86_64\eclipse\plugins\org.eclipse.justj.openjdk.hotspot.jre.full.win32.x86_64_21.0.6.v20250130-0529\jre\bin\verify.dll
0x00007ffa9ac00000 - 0x00007ffa9ac0a000 	C:\Program Files\eclipse-jee-2025-03-R-win32-x86_64\eclipse\plugins\org.eclipse.justj.openjdk.hotspot.jre.full.win32.x86_64_21.0.6.v20250130-0529\jre\bin\management.dll
0x00007ffa951c0000 - 0x00007ffa951cb000 	C:\Program Files\eclipse-jee-2025-03-R-win32-x86_64\eclipse\plugins\org.eclipse.justj.openjdk.hotspot.jre.full.win32.x86_64_21.0.6.v20250130-0529\jre\bin\management_ext.dll
0x00007ffad2540000 - 0x00007ffad2548000 	C:\WINDOWS\System32\PSAPI.DLL
0x00007ffacc610000 - 0x00007ffacc61e000 	C:\Program Files\eclipse-jee-2025-03-R-win32-x86_64\eclipse\plugins\org.eclipse.justj.openjdk.hotspot.jre.full.win32.x86_64_21.0.6.v20250130-0529\jre\bin\sunmscapi.dll
0x00007ffad22b0000 - 0x00007ffad2427000 	C:\WINDOWS\System32\CRYPT32.dll
0x00007ffad11b0000 - 0x00007ffad11e0000 	C:\WINDOWS\SYSTEM32\ncrypt.dll
0x00007ffad1160000 - 0x00007ffad119f000 	C:\WINDOWS\SYSTEM32\NTASN1.dll
0x00007ffad1060000 - 0x00007ffad107b000 	C:\WINDOWS\SYSTEM32\CRYPTSP.dll
0x00007ffad0690000 - 0x00007ffad06ca000 	C:\WINDOWS\system32\rsaenh.dll
0x00007ffad0d20000 - 0x00007ffad0d4b000 	C:\WINDOWS\SYSTEM32\USERENV.dll
0x00007ffad1770000 - 0x00007ffad1796000 	C:\WINDOWS\SYSTEM32\bcrypt.dll
0x00007ffad0ec0000 - 0x00007ffad0ecc000 	C:\WINDOWS\SYSTEM32\CRYPTBASE.dll
0x00007ffacc600000 - 0x00007ffacc609000 	C:\Program Files\eclipse-jee-2025-03-R-win32-x86_64\eclipse\plugins\org.eclipse.justj.openjdk.hotspot.jre.full.win32.x86_64_21.0.6.v20250130-0529\jre\bin\extnet.dll
0x00007ffa42c60000 - 0x00007ffa42c68000 	C:\WINDOWS\system32\wshunix.dll

dbghelp: loaded successfully - version: 4.0.5 - missing functions: none
symbol engine: initialized successfully - sym options: 0x614 - pdb path: .;C:\Program Files\eclipse-jee-2025-03-R-win32-x86_64\eclipse\plugins\org.eclipse.justj.openjdk.hotspot.jre.full.win32.x86_64_21.0.6.v20250130-0529\jre\bin;C:\WINDOWS\SYSTEM32;C:\WINDOWS\WinSxS\amd64_microsoft.windows.common-controls_6595b64144ccf1df_6.0.26100.4202_none_3e0698d4e335f517;C:\Program Files\eclipse-jee-2025-03-R-win32-x86_64\eclipse\plugins\org.eclipse.justj.openjdk.hotspot.jre.full.win32.x86_64_21.0.6.v20250130-0529\jre\bin\server

VM Arguments:
jvm_args: -XX:+ShowCodeDetailsInExceptionMessages -agentlib:jdwp=transport=dt_socket,suspend=y,address=localhost:52926 -javaagent:C:\Program Files\eclipse-jee-2025-03-R-win32-x86_64\eclipse\configuration\org.eclipse.osgi\440\0\.cp\lib\javaagent-shaded.jar -Dfile.encoding=UTF-8 -Dstdout.encoding=UTF-8 -Dstderr.encoding=UTF-8 
java_command: com.banka.odev.OdevApplication
java_class_path (initial): C:\Users\hgude\git\bankaOdev\odev\target\classes;C:\Users\hgude\.m2\repository\org\springframework\boot\spring-boot-starter-data-jpa\3.5.3\spring-boot-starter-data-jpa-3.5.3.jar;C:\Users\hgude\.m2\repository\org\springframework\boot\spring-boot-starter\3.5.3\spring-boot-starter-3.5.3.jar;C:\Users\hgude\.m2\repository\org\springframework\boot\spring-boot-starter-logging\3.5.3\spring-boot-starter-logging-3.5.3.jar;C:\Users\hgude\.m2\repository\ch\qos\logback\logback-classic\1.5.18\logback-classic-1.5.18.jar;C:\Users\hgude\.m2\repository\ch\qos\logback\logback-core\1.5.18\logback-core-1.5.18.jar;C:\Users\hgude\.m2\repository\org\apache\logging\log4j\log4j-to-slf4j\2.24.3\log4j-to-slf4j-2.24.3.jar;C:\Users\hgude\.m2\repository\org\apache\logging\log4j\log4j-api\2.24.3\log4j-api-2.24.3.jar;C:\Users\hgude\.m2\repository\org\slf4j\jul-to-slf4j\2.0.17\jul-to-slf4j-2.0.17.jar;C:\Users\hgude\.m2\repository\jakarta\annotation\jakarta.annotation-api\2.1.1\jakarta.annotation-api-2.1.1.jar;C:\Users\hgude\.m2\repository\org\yaml\snakeyaml\2.4\snakeyaml-2.4.jar;C:\Users\hgude\.m2\repository\org\springframework\boot\spring-boot-starter-jdbc\3.5.3\spring-boot-starter-jdbc-3.5.3.jar;C:\Users\hgude\.m2\repository\com\zaxxer\HikariCP\6.3.0\HikariCP-6.3.0.jar;C:\Users\hgude\.m2\repository\org\springframework\spring-jdbc\6.2.8\spring-jdbc-6.2.8.jar;C:\Users\hgude\.m2\repository\org\hibernate\orm\hibernate-core\6.6.18.Final\hibernate-core-6.6.18.Final.jar;C:\Users\hgude\.m2\repository\jakarta\persistence\jakarta.persistence-api\3.1.0\jakarta.persistence-api-3.1.0.jar;C:\Users\hgude\.m2\repository\jakarta\transaction\jakarta.transaction-api\2.0.1\jakarta.transaction-api-2.0.1.jar;C:\Users\hgude\.m2\repository\org\jboss\logging\jboss-logging\3.6.1.Final\jboss-logging-3.6.1.Final.jar;C:\Users\hgude\.m2\repository\org\hibernate\common\hibernate-commons-annotations\7.0.3.Final\hibernate-commons-annotations-7.0.3.Final.jar;C:\Users\hgude\.m2\repository\io\smallrye\jandex\3.2.0\jandex-3.2.0.jar;C:\Users\hgude\.m2\repository\com\fasterxml\classmate\1.7.0\classmate-1.7.0.jar;C:\Users\hgude\.m2\repository\net\bytebuddy\byte-buddy\1.17.6\byte-buddy-1.17.6.jar;C:\Users\hgude\.m2\repository\org\glassfish\jaxb\jaxb-runtime\4.0.5\jaxb-runtime-4.0.5.jar;C:\Users\hgude\.m2\repository\org\glassfish\jaxb\jaxb-core\4.0.5\jaxb-core-4.0.5.jar;C:\Users\hgude\.m2\repository\org\eclipse\angus\angus-activation\2.0.2\angus-activation-2.0.2.jar;C:\Users\hgude\.m2\repository\org\glassfish\jaxb\txw2\4.0.5\txw2-4.0.5.jar;C:\Users\hgude\.m2\repository\com\sun\istack\istack-commons-runtime\4.1.2\istack-commons-runtime-4.1.2.jar;C:\Users\hgude\.m2\repository\jakarta\inject\jakarta.inject-api\2.0.1\jakarta.inject-api-2.0.1.jar;C:\Users\hgude\.m2\repository\org\antlr\antlr4-runtime\4.13.0\antlr4-runtime-4.13.0.jar;C:\Users\hgude\.m2\repository\org\springframework\data\spring-data-jpa\3.5.1\spring-data-jpa-3.5.1.jar;C:\Users\hgude\.m2\repository\org\springframework\data\spring-data-commons\3.5.1\spring-data-commons-3.5.1.jar;C:\Users\hgude\.m2\repository\org\springframework\spring-orm\6.2.8\spring-orm-6.2.8.jar;C:\Users\hgude\.m2\repository\org\springframework\spring-context\6.2.8\spring-context-6.2.8.jar;C:\Users\hgude\.m2\repository\org\springframework\spring-aop\6.2.8\spring-aop-6.2.8.jar;C:\Users\hgude\.m2\repository\org\springframework\spring-tx\6.2.8\spring-tx-6.2.8.jar;C:\Users\hgude\.m2\repository\org\springframework\spring-beans\6.2.8\spring-beans-6.2.8.jar;C:\Users\hgude\.m2\repository\org\slf4j\slf4j-api\2.0.17\slf4j-api-2.0.17.jar;C:\Users\hgude\.m2\repository\org\springframework\spring-aspects\6.2.8\spring-aspects-6.2.8.jar;C:\Users\hgude\.m2\repository\org\aspectj\aspectjweaver\1.9.24\aspectjweaver-1.9.24.jar;C:\Users\hgude\.m2\repository\org\springframework\boot\spring-boot-starter-web\3.5.3\spring-boot-starter-web-3.5.3.jar;C:\Users\hgude\.m2\repository\org\springframework\boot\spring-boot-starter-json\3.5.3\spring-boot-starter-json-3.5.3.jar;C:\Users\hgude\.m2\repository\com\fasterxml\jackson\core\jackson-databind\2.19.1\jackson-databind-2.19.1.jar;C:\Users\hgude\.m2\repository\com\fasterxml\jackson\core\jackson-annotations\2.19.1\jackson-annotations-2.19.1.jar;C:\Users\hgude\.m2\repository\com\fasterxml\jackson\core\jackson-core\2.19.1\jackson-core-2.19.1.jar;C:\Users\hgude\.m2\repository\com\fasterxml\jackson\datatype\jackson-datatype-jdk8\2.19.1\jackson-datatype-jdk8-2.19.1.jar;C:\Users\hgude\.m2\repository\com\fasterxml\jackson\datatype\jackson-datatype-jsr310\2.19.1\jackson-datatype-jsr310-2.19.1.jar;C:\Users\hgude\.m2\repository\com\fasterxml\jackson\module\jackson-module-parameter-names\2.19.1\jackson-module-parameter-names-2.19.1.jar;C:\Users\hgude\.m2\repository\org\springframework\boot\spring-boot-starter-tomcat\3.5.3\spring-boot-starter-tomcat-3.5.3.jar;C:\Users\hgude\.m2\repository\org\apache\tomcat\embed\tomcat-embed-core\10.1.42\tomcat-embed-core-10.1.42.jar;C:\Users\hgude\.m2\repository\org\apache\tomcat\embed\tomcat-embed-websocket\10.1.42\tomcat-embed-websocket-10.1.42.jar;C:\Users\hgude\.m2\repository\org\springframework\spring-web\6.2.8\spring-web-6.2.8.jar;C:\Users\hgude\.m2\repository\io\micrometer\micrometer-observation\1.15.1\micrometer-observation-1.15.1.jar;C:\Users\hgude\.m2\repository\io\micrometer\micrometer-commons\1.15.1\micrometer-commons-1.15.1.jar;C:\Users\hgude\.m2\repository\org\springframework\spring-webmvc\6.2.8\spring-webmvc-6.2.8.jar;C:\Users\hgude\.m2\repository\org\springframework\spring-expression\6.2.8\spring-expression-6.2.8.jar;C:\Users\hgude\.m2\repository\org\springframework\boot\spring-boot-devtools\3.5.3\spring-boot-devtools-3.5.3.jar;C:\Users\hgude\.m2\repository\org\springframework\boot\spring-boot\3.5.3\spring-boot-3.5.3.jar;C:\Users\hgude\.m2\repository\org\springframework\boot\spring-boot-autoconfigure\3.5.3\spring-boot-autoconfigure-3.5.3.jar;C:\Users\hgude\.m2\repository\org\postgresql\postgresql\42.7.7\postgresql-42.7.7.jar;C:\Users\hgude\.m2\repository\org\checkerframework\checker-qual\3.49.3\checker-qual-3.49.3.jar;C:\Users\hgude\.m2\repository\org\projectlombok\lombok\1.18.38\lombok-1.18.38.jar;C:\Users\hgude\.m2\repository\jakarta\xml\bind\jakarta.xml.bind-api\4.0.2\jakarta.xml.bind-api-4.0.2.jar;C:\Users\hgude\.m2\repository\jakarta\activation\jakarta.activation-api\2.1.3\jakarta.activation-api-2.1.3.jar;C:\Users\hgude\.m2\repository\org\springframework\spring-core\6.2.8\spring-core-6.2.8.jar;C:\Users\hgude\.m2\repository\org\springframework\spring-jcl\6.2.8\spring-jcl-6.2.8.jar;C:\Users\hgude\.m2\repository\org\springframework\security\spring-security-core\6.5.1\spring-security-core-6.5.1.jar;C:\Users\hgude\.m2\repository\org\springframework\security\spring-security-crypto\6.5.1\spring-security-crypto-6.5.1.jar;C:\Users\hgude\.m2\repository\org\springframework\security\spring-security-web\6.5.1\spring-security-web-6.5.1.jar;C:\Users\hgude\.m2\repository\org\springdoc\springdoc-openapi-starter-webmvc-ui\2.1.0\springdoc-openapi-starter-webmvc-ui-2.1.0.jar;C:\Users\hgude\.m2\repository\org\springdoc\springdoc-openapi-starter-webmvc-api\2.1.0\springdoc-openapi-starter-webmvc-api-2.1.0.jar;C:\Users\hgude\.m2\repository\org\springdoc\springdoc-openapi-starter-common\2.1.0\springdoc-openapi-starter-common-2.1.0.jar;C:\Users\hgude\.m2\repository\io\swagger\core\v3\swagger-core-jakarta\2.2.9\swagger-core-jakarta-2.2.9.jar;C:\Users\hgude\.m2\repository\org\apache\commons\commons-lang3\3.17.0\commons-lang3-3.17.0.jar;C:\Users\hgude\.m2\repository\io\swagger\core\v3\swagger-annotations-jakarta\2.2.9\swagger-annotations-jakarta-2.2.9.jar;C:\Users\hgude\.m2\repository\io\swagger\core\v3\swagger-models-jakarta\2.2.9\swagger-models-jakarta-2.2.9.jar;C:\Users\hgude\.m2\repository\com\fasterxml\jackson\dataformat\jackson-dataformat-yaml\2.19.1\jackson-dataformat-yaml-2.19.1.jar;C:\Users\hgude\.m2\repository\org\webjars\swagger-ui\4.18.2\swagger-ui-4.18.2.jar;C:\Users\hgude\.m2\repository\org\springframework\boot\spring-boot-starter-oauth2-resource-server\3.5.3\spring-boot-starter-oauth2-resource-server-3.5.3.jar;C:\Users\hgude\.m2\repository\org\springframework\security\spring-security-config\6.5.1\spring-security-config-6.5.1.jar;C:\Users\hgude\.m2\repository\org\springframework\security\spring-security-oauth2-resource-server\6.5.1\spring-security-oauth2-resource-server-6.5.1.jar;C:\Users\hgude\.m2\repository\org\springframework\security\spring-security-oauth2-core\6.5.1\spring-security-oauth2-core-6.5.1.jar;C:\Users\hgude\.m2\repository\org\springframework\security\spring-security-oauth2-jose\6.5.1\spring-security-oauth2-jose-6.5.1.jar;C:\Users\hgude\.m2\repository\com\nimbusds\nimbus-jose-jwt\9.37.3\nimbus-jose-jwt-9.37.3.jar;C:\Users\hgude\.m2\repository\com\github\stephenc\jcip\jcip-annotations\1.0-1\jcip-annotations-1.0-1.jar;C:\Users\hgude\.m2\repository\org\springframework\boot\spring-boot-starter-validation\3.5.3\spring-boot-starter-validation-3.5.3.jar;C:\Users\hgude\.m2\repository\org\apache\tomcat\embed\tomcat-embed-el\10.1.42\tomcat-embed-el-10.1.42.jar;C:\Users\hgude\.m2\repository\org\hibernate\validator\hibernate-validator\8.0.2.Final\hibernate-validator-8.0.2.Final.jar;C:\Users\hgude\.m2\repository\jakarta\validation\jakarta.validation-api\3.0.2\jakarta.validation-api-3.0.2.jar;C:\Users\hgude\.m2\repository\org\modelmapper\modelmapper\3.1.1\modelmapper-3.1.1.jar
Launcher Type: SUN_STANDARD

[Global flags]
     intx CICompilerCount                          = 12                                        {product} {ergonomic}
     uint ConcGCThreads                            = 3                                         {product} {ergonomic}
     uint G1ConcRefinementThreads                  = 13                                        {product} {ergonomic}
   size_t G1HeapRegionSize                         = 2097152                                   {product} {ergonomic}
    uintx GCDrainStackTargetSize                   = 64                                        {product} {ergonomic}
   size_t InitialHeapSize                          = 266338304                                 {product} {ergonomic}
   size_t MarkStackSize                            = 4194304                                   {product} {ergonomic}
   size_t MaxHeapSize                              = 4238344192                                {product} {ergonomic}
   size_t MaxNewSize                               = 2541748224                                {product} {ergonomic}
   size_t MinHeapDeltaBytes                        = 2097152                                   {product} {ergonomic}
   size_t MinHeapSize                              = 8388608                                   {product} {ergonomic}
    uintx NonNMethodCodeHeapSize                   = 7602480                                {pd product} {ergonomic}
    uintx NonProfiledCodeHeapSize                  = 122027880                              {pd product} {ergonomic}
    uintx ProfiledCodeHeapSize                     = 122027880                              {pd product} {ergonomic}
    uintx ReservedCodeCacheSize                    = 251658240                              {pd product} {ergonomic}
     bool SegmentedCodeCache                       = true                                      {product} {ergonomic}
     bool ShowCodeDetailsInExceptionMessages       = true                                   {manageable} {command line}
   size_t SoftMaxHeapSize                          = 4238344192                             {manageable} {ergonomic}
     bool UseCompressedOops                        = true                           {product lp64_product} {ergonomic}
     bool UseG1GC                                  = true                                      {product} {ergonomic}
     bool UseLargePagesIndividualAllocation        = false                                  {pd product} {ergonomic}

Logging:
Log output configuration:
 #0: stdout all=warning uptime,level,tags foldmultilines=false
 #1: stderr all=off uptime,level,tags foldmultilines=false

Environment Variables:
PATH=C:\Program Files\eclipse-jee-2025-03-R-win32-x86_64\eclipse\plugins\org.eclipse.justj.openjdk.hotspot.jre.full.win32.x86_64_21.0.6.v20250130-0529\jre\bin;C:/Program Files/eclipse-jee-2025-03-R-win32-x86_64/eclipse//plugins/org.eclipse.justj.openjdk.hotspot.jre.full.win32.x86_64_21.0.6.v20250130-0529/jre/bin/server;C:/Program Files/eclipse-jee-2025-03-R-win32-x86_64/eclipse//plugins/org.eclipse.justj.openjdk.hotspot.jre.full.win32.x86_64_21.0.6.v20250130-0529/jre/bin;C:\Program Files (x86)\Common Files\Oracle\Java\java8path;C:\Program Files (x86)\Common Files\Oracle\Java\javapath;C:\WINDOWS\system32;C:\WINDOWS;C:\WINDOWS\System32\Wbem;C:\WINDOWS\System32\WindowsPowerShell\v1.0\;C:\WINDOWS\System32\OpenSSH\;C:\Program Files\dotnet\;C:\Program Files (x86)\NVIDIA Corporation\PhysX\Common;C:\Program Files\NVIDIA Corporation\NVIDIA app\NvDLISR;C:\Program Files\Git\cmd;C:\Program Files\nodejs\;C:\Program Files\Docker\Docker\resources\bin;C:\Program Files\OpenSSL-Win64\bin;C:\Users\hgude\AppData\Local\Microsoft\WindowsApps;C:\Users\hgude\AppData\Roaming\npm;C:\Users\hgude\AppData\Local\Programs\Microsoft VS Code\bin;C:\Program Files\eclipse-jee-2025-03-R-win32-x86_64\eclipse;
USERNAME=hgude
OS=Windows_NT
PROCESSOR_IDENTIFIER=Intel64 Family 6 Model 141 Stepping 1, GenuineIntel
TMP=C:\Users\hgude\AppData\Local\Temp
TEMP=C:\Users\hgude\AppData\Local\Temp




Periodic native trim disabled

---------------  S Y S T E M  ---------------

OS:
 Windows 11 , 64 bit Build 26100 (10.0.26100.4202)
OS uptime: 0 days 9:11 hours
Hyper-V role detected

CPU: total 16 (initial active 16) (8 cores per cpu, 2 threads per core) family 6 model 141 stepping 1 microcode 0x3c, cx8, cmov, fxsr, ht, mmx, 3dnowpref, sse, sse2, sse3, ssse3, sse4.1, sse4.2, popcnt, lzcnt, tsc, tscinvbit, avx, avx2, aes, erms, clmul, bmi1, bmi2, adx, avx512f, avx512dq, avx512cd, avx512bw, avx512vl, sha, fma, vzeroupper, avx512_vpopcntdq, avx512_vpclmulqdq, avx512_vaes, avx512_vnni, clflush, clflushopt, clwb, avx512_vbmi2, avx512_vbmi, hv, rdtscp, rdpid, fsrm, gfni, avx512_bitalg, f16c, cet_ibt, cet_ss, avx512_ifma
Processor Information for the first 16 processors :
  Max Mhz: 2304, Current Mhz: 2304, Mhz Limit: 2304

Memory: 4k page, system-wide physical 16163M (3952M free)
TotalPageFile size 24099M (AvailPageFile size 6512M)
current process WorkingSet (physical memory assigned to process): 415M, peak: 455M
current process commit charge ("private bytes"): 454M, peak: 509M

vm_info: OpenJDK 64-Bit Server VM (21.0.6+7-LTS) for windows-amd64 JRE (21.0.6+7-LTS), built on 2025-01-21T00:00:00Z by "admin" with MS VC++ 17.7 (VS2022)

END.
